

Terminals which are not used:

   TAGOP
   TAGCL
   COMMENT
   SYMBOL
   ATTRIBUTE
   IGNORE
   ATTRIBUTEVAL



Grammar
rule 1    st -> DOCTYPE
rule 2    st -> DOCTYPE HTMLOP HTMLCL
rule 3    st -> HTMLOP HTMLCL
rule 4    st -> DOCTYPE HTMLOP head HTMLCL
rule 5    st -> HTMLOP head HTMLCL
rule 6    st -> DOCTYPE HTMLOP head body HTMLCL
rule 7    st -> HTMLOP head body HTMLCL
rule 8    st -> DOCTYPE HTMLOP body HTMLCL
rule 9    st -> HTMLOP body HTMLCL
rule 10   head -> HEADOP title HEADCL
rule 11   head -> HEADOP HEADCL
rule 12   title -> TITLEOP TITLECL
rule 13   title -> TITLEOP text TITLECL
rule 14   text -> text TEXT
rule 15   text -> TEXT
rule 16   body -> BODYOP bodycontent BODYCL
rule 17   body -> BODYOP BODYCL
rule 18   bodycontent -> phrases
rule 19   bodycontent -> text
rule 20   phrases -> phrases PHRASEOP phrases PHRASECL
rule 21   phrases -> phrases PHRASEOP PHRASECL
rule 22   phrases -> PHRASEOP phrases PHRASECL
rule 23   phrases -> PHRASEOP text PHRASECL
rule 24   phrases -> PHRASEOP PHRASECL

Terminals, with rules where they appear

$ (-1)
error (256)
DOCTYPE (258) 1 2 4 6 8
HTMLOP (259) 2 3 4 5 6 7 8 9
HTMLCL (260) 2 3 4 5 6 7 8 9
TAGOP (261)
TAGCL (262)
HEADOP (263) 10 11
HEADCL (264) 10 11
TITLEOP (265) 12 13
TITLECL (266) 12 13
BODYOP (267) 16 17
BODYCL (268) 16 17
PHRASEOP (269) 20 21 22 23 24
PHRASECL (270) 20 21 22 23 24
COMMENT (271)
SYMBOL (272)
TEXT (273) 14 15
ATTRIBUTE (274)
IGNORE (275)
ATTRIBUTEVAL (276)

Nonterminals, with rules where they appear

st (22)
    on left: 1 2 3 4 5 6 7 8 9
head (23)
    on left: 10 11, on right: 4 5 6 7
title (24)
    on left: 12 13, on right: 10
text (25)
    on left: 14 15, on right: 13 14 19 23
body (26)
    on left: 16 17, on right: 6 7 8 9
bodycontent (27)
    on left: 18 19, on right: 16
phrases (28)
    on left: 20 21 22 23 24, on right: 18 20 21 22


state 0

    DOCTYPE	shift, and go to state 1
    HTMLOP	shift, and go to state 2

    st  	go to state 44



state 1

    st  ->  DOCTYPE .   (rule 1)
    st  ->  DOCTYPE . HTMLOP HTMLCL   (rule 2)
    st  ->  DOCTYPE . HTMLOP head HTMLCL   (rule 4)
    st  ->  DOCTYPE . HTMLOP head body HTMLCL   (rule 6)
    st  ->  DOCTYPE . HTMLOP body HTMLCL   (rule 8)

    HTMLOP	shift, and go to state 3

    $default	reduce using rule 1 (st)



state 2

    st  ->  HTMLOP . HTMLCL   (rule 3)
    st  ->  HTMLOP . head HTMLCL   (rule 5)
    st  ->  HTMLOP . head body HTMLCL   (rule 7)
    st  ->  HTMLOP . body HTMLCL   (rule 9)

    HTMLCL	shift, and go to state 4
    HEADOP	shift, and go to state 5
    BODYOP	shift, and go to state 6

    head	go to state 7
    body	go to state 8



state 3

    st  ->  DOCTYPE HTMLOP . HTMLCL   (rule 2)
    st  ->  DOCTYPE HTMLOP . head HTMLCL   (rule 4)
    st  ->  DOCTYPE HTMLOP . head body HTMLCL   (rule 6)
    st  ->  DOCTYPE HTMLOP . body HTMLCL   (rule 8)

    HTMLCL	shift, and go to state 9
    HEADOP	shift, and go to state 5
    BODYOP	shift, and go to state 6

    head	go to state 10
    body	go to state 11



state 4

    st  ->  HTMLOP HTMLCL .   (rule 3)

    $default	reduce using rule 3 (st)



state 5

    head  ->  HEADOP . title HEADCL   (rule 10)
    head  ->  HEADOP . HEADCL   (rule 11)

    HEADCL	shift, and go to state 12
    TITLEOP	shift, and go to state 13

    title	go to state 14



state 6

    body  ->  BODYOP . bodycontent BODYCL   (rule 16)
    body  ->  BODYOP . BODYCL   (rule 17)

    BODYCL	shift, and go to state 15
    PHRASEOP	shift, and go to state 16
    TEXT	shift, and go to state 17

    text	go to state 18
    bodycontent	go to state 19
    phrases	go to state 20



state 7

    st  ->  HTMLOP head . HTMLCL   (rule 5)
    st  ->  HTMLOP head . body HTMLCL   (rule 7)

    HTMLCL	shift, and go to state 21
    BODYOP	shift, and go to state 6

    body	go to state 22



state 8

    st  ->  HTMLOP body . HTMLCL   (rule 9)

    HTMLCL	shift, and go to state 23



state 9

    st  ->  DOCTYPE HTMLOP HTMLCL .   (rule 2)

    $default	reduce using rule 2 (st)



state 10

    st  ->  DOCTYPE HTMLOP head . HTMLCL   (rule 4)
    st  ->  DOCTYPE HTMLOP head . body HTMLCL   (rule 6)

    HTMLCL	shift, and go to state 24
    BODYOP	shift, and go to state 6

    body	go to state 25



state 11

    st  ->  DOCTYPE HTMLOP body . HTMLCL   (rule 8)

    HTMLCL	shift, and go to state 26



state 12

    head  ->  HEADOP HEADCL .   (rule 11)

    $default	reduce using rule 11 (head)



state 13

    title  ->  TITLEOP . TITLECL   (rule 12)
    title  ->  TITLEOP . text TITLECL   (rule 13)

    TITLECL	shift, and go to state 27
    TEXT	shift, and go to state 17

    text	go to state 28



state 14

    head  ->  HEADOP title . HEADCL   (rule 10)

    HEADCL	shift, and go to state 29



state 15

    body  ->  BODYOP BODYCL .   (rule 17)

    $default	reduce using rule 17 (body)



state 16

    phrases  ->  PHRASEOP . phrases PHRASECL   (rule 22)
    phrases  ->  PHRASEOP . text PHRASECL   (rule 23)
    phrases  ->  PHRASEOP . PHRASECL   (rule 24)

    PHRASEOP	shift, and go to state 16
    PHRASECL	shift, and go to state 30
    TEXT	shift, and go to state 17

    text	go to state 31
    phrases	go to state 32



state 17

    text  ->  TEXT .   (rule 15)

    $default	reduce using rule 15 (text)



state 18

    text  ->  text . TEXT   (rule 14)
    bodycontent  ->  text .   (rule 19)

    TEXT	shift, and go to state 33

    $default	reduce using rule 19 (bodycontent)



state 19

    body  ->  BODYOP bodycontent . BODYCL   (rule 16)

    BODYCL	shift, and go to state 34



state 20

    bodycontent  ->  phrases .   (rule 18)
    phrases  ->  phrases . PHRASEOP phrases PHRASECL   (rule 20)
    phrases  ->  phrases . PHRASEOP PHRASECL   (rule 21)

    PHRASEOP	shift, and go to state 35

    $default	reduce using rule 18 (bodycontent)



state 21

    st  ->  HTMLOP head HTMLCL .   (rule 5)

    $default	reduce using rule 5 (st)



state 22

    st  ->  HTMLOP head body . HTMLCL   (rule 7)

    HTMLCL	shift, and go to state 36



state 23

    st  ->  HTMLOP body HTMLCL .   (rule 9)

    $default	reduce using rule 9 (st)



state 24

    st  ->  DOCTYPE HTMLOP head HTMLCL .   (rule 4)

    $default	reduce using rule 4 (st)



state 25

    st  ->  DOCTYPE HTMLOP head body . HTMLCL   (rule 6)

    HTMLCL	shift, and go to state 37



state 26

    st  ->  DOCTYPE HTMLOP body HTMLCL .   (rule 8)

    $default	reduce using rule 8 (st)



state 27

    title  ->  TITLEOP TITLECL .   (rule 12)

    $default	reduce using rule 12 (title)



state 28

    title  ->  TITLEOP text . TITLECL   (rule 13)
    text  ->  text . TEXT   (rule 14)

    TITLECL	shift, and go to state 38
    TEXT	shift, and go to state 33



state 29

    head  ->  HEADOP title HEADCL .   (rule 10)

    $default	reduce using rule 10 (head)



state 30

    phrases  ->  PHRASEOP PHRASECL .   (rule 24)

    $default	reduce using rule 24 (phrases)



state 31

    text  ->  text . TEXT   (rule 14)
    phrases  ->  PHRASEOP text . PHRASECL   (rule 23)

    PHRASECL	shift, and go to state 39
    TEXT	shift, and go to state 33



state 32

    phrases  ->  phrases . PHRASEOP phrases PHRASECL   (rule 20)
    phrases  ->  phrases . PHRASEOP PHRASECL   (rule 21)
    phrases  ->  PHRASEOP phrases . PHRASECL   (rule 22)

    PHRASEOP	shift, and go to state 35
    PHRASECL	shift, and go to state 40



state 33

    text  ->  text TEXT .   (rule 14)

    $default	reduce using rule 14 (text)



state 34

    body  ->  BODYOP bodycontent BODYCL .   (rule 16)

    $default	reduce using rule 16 (body)



state 35

    phrases  ->  phrases PHRASEOP . phrases PHRASECL   (rule 20)
    phrases  ->  phrases PHRASEOP . PHRASECL   (rule 21)

    PHRASEOP	shift, and go to state 16
    PHRASECL	shift, and go to state 41

    phrases	go to state 42



state 36

    st  ->  HTMLOP head body HTMLCL .   (rule 7)

    $default	reduce using rule 7 (st)



state 37

    st  ->  DOCTYPE HTMLOP head body HTMLCL .   (rule 6)

    $default	reduce using rule 6 (st)



state 38

    title  ->  TITLEOP text TITLECL .   (rule 13)

    $default	reduce using rule 13 (title)



state 39

    phrases  ->  PHRASEOP text PHRASECL .   (rule 23)

    $default	reduce using rule 23 (phrases)



state 40

    phrases  ->  PHRASEOP phrases PHRASECL .   (rule 22)

    $default	reduce using rule 22 (phrases)



state 41

    phrases  ->  phrases PHRASEOP PHRASECL .   (rule 21)

    $default	reduce using rule 21 (phrases)



state 42

    phrases  ->  phrases . PHRASEOP phrases PHRASECL   (rule 20)
    phrases  ->  phrases PHRASEOP phrases . PHRASECL   (rule 20)
    phrases  ->  phrases . PHRASEOP PHRASECL   (rule 21)

    PHRASEOP	shift, and go to state 35
    PHRASECL	shift, and go to state 43



state 43

    phrases  ->  phrases PHRASEOP phrases PHRASECL .   (rule 20)

    $default	reduce using rule 20 (phrases)



state 44

    $   	go to state 45



state 45

    $   	go to state 46



state 46

    $default	accept
