Terminals unused in grammar

   AOPOP
   AOP
   ACL
   FONTOP
   FONTOOP
   FONTCL
   SPCHAR


Grammar

    0 $accept: st $end

    1 st: DOCTYPE
    2   | DOCTYPE HTMLOP HTMLCL
    3   | HTMLOP HTMLCL
    4   | DOCTYPE HTMLOP head HTMLCL
    5   | HTMLOP head HTMLCL
    6   | DOCTYPE HTMLOP head body HTMLCL
    7   | HTMLOP head body HTMLCL
    8   | DOCTYPE HTMLOP body HTMLCL
    9   | HTMLOP body HTMLCL

   10 head: HEADOP title HEADCL
   11     | HEADOP HEADCL

   12 title: TITLEOP TITLECL
   13      | TITLEOP consume TITLECL

   14 body: BODYOP flow BODYCL
   15     | BODYOP BODYCL

   16 misc: COMMENT
   17     | BR
   18     | TEXT
   19     | IMGOP img

   20 consume: consume misc
   21        | misc

   22 flow: BPHRASEOP phraseopen
   23     | GTPHOP gtph
   24     | LOP list
   25     | misc flow
   26     | misc
   27     | DIVOP div
   28     | DLOP dl
   29     | TABOP table
   30     | FIGOP figure

   31 phraseopen: phrases BPHRASECL flow
   32           | BPHRASECL flow
   33           | BPHRASECL
   34           | phrases BPHRASECL
   35           | consume BPHRASECL flow
   36           | consume BPHRASECL

   37 phrases: PHRASEOP phr
   38        | consume PHRASEOP phr

   39 phr: PHRASECL
   40    | phrases PHRASECL
   41    | PHRASECL phrases
   42    | PHRASECL consume
   43    | consume PHRASECL
   44    | consume PHRASECL phrases
   45    | consume PHRASECL consume

   46 gtph: phrases GTPHCL flow
   47     | GTPHCL flow
   48     | phrases GTPHCL
   49     | GTPHCL
   50     | consume GTPHCL
   51     | BPHRASEOP phraseopen GTPHCL flow
   52     | BPHRASEOP phraseopen GTPHCL
   53     | consume BPHRASEOP phraseopen GTPHCL flow
   54     | consume BPHRASEOP phraseopen GTPHCL

   55 list: LIOP listitem list
   56     | LCL
   57     | consume LIOP listitem list
   58     | consume LCL
   59     | LCL flow
   60     | consume LCL flow

   61 listitem: flow LICL
   62         | LICL

   63 div: DIVCL
   64    | DIVCL flow
   65    | flow DIVCL flow
   66    | flow DIVCL

   67 dl: DLCL
   68   | consume DLCL
   69   | DIVOP div DLCL
   70   | consume DIVOP div DLCL
   71   | DLCL flow
   72   | consume DLCL flow
   73   | DIVOP div DLCL flow
   74   | consume DIVOP div DLCL flow
   75   | DTOP dt DLCL
   76   | DTOP dt DLCL flow
   77   | consume DTOP dt DLCL
   78   | consume DTOP dt DLCL flow

   79 dt: flow DTCL DDOP dd
   80   | flow DTCL consume DDOP dd
   81   | flow DTCL DDOP dd DTOP dt
   82   | DTCL DDOP dd
   83   | DTCL DDOP dd DTOP dt

   84 dd: flow DDCL
   85   | flow DDCL DDOP dd
   86   | DDCL
   87   | DDCL DDOP dd
   88   | flow DDCL consume
   89   | flow DDCL consume DDOP dd
   90   | DDCL consume
   91   | DDCL consume DDOP dd

   92 caption: flow CAPCL
   93        | CAPCL
   94        | flow CAPCL consume
   95        | CAPCL consume

   96 table: CAPOP caption TABCL
   97      | CAPOP caption TABCL flow
   98      | consume CAPOP caption TABCL
   99      | consume CAPOP caption TABCL flow
  100      | CAPOP caption TROP tr TABCL
  101      | TROP tr TABCL
  102      | CAPOP caption TROP tr TABCL flow
  103      | TROP tr TABCL flow
  104      | TABCL
  105      | TABCL flow

  106 tr: TRCL
  107   | consume TRCL
  108   | THOP th TRCL
  109   | TDOP td TRCL
  110   | TRCL consume
  111   | consume TRCL consume
  112   | THOP th TRCL consume
  113   | TDOP td TRCL consume
  114   | TRCL TROP tr
  115   | TRCL consume TROP tr
  116   | THOP th TRCL TROP tr
  117   | TDOP td TRCL TROP tr
  118   | THOP th TRCL consume TROP tr
  119   | TDOP td TRCL consume TROP tr

  120 th: THCL
  121   | flow THCL
  122   | THCL consume
  123   | flow THCL consume
  124   | THCL THOP th
  125   | flow THCL THOP th
  126   | THCL consume THOP th
  127   | flow THCL consume THOP th

  128 td: TDCL
  129   | flow TDCL
  130   | TDCL consume
  131   | flow TDCL consume
  132   | TDCL TDOP td
  133   | flow TDCL TDOP td
  134   | TDCL consume TDOP td
  135   | flow TDCL consume TDOP td

  136 figure: flow FIGCAPOP figcap FIGCL
  137       | FIGCAPOP figcap FIGCL
  138       | FIGCAPOP figcap flow FIGCL
  139       | flow FIGCL
  140       | FIGCL
  141       | flow FIGCAPOP figcap FIGCL flow
  142       | FIGCAPOP figcap FIGCL flow
  143       | FIGCAPOP figcap flow FIGCL flow
  144       | flow FIGCL flow
  145       | FIGCL flow
  146       | flow FIGCAPOP figcap flow FIGCL flow
  147       | flow FIGCAPOP figcap flow FIGCL

  148 figcap: flow FIGCAPCL
  149       | FIGCAPCL

  150 img: ATTRIBUTE ATTRIBUTEVAL img
  151    | IMGCL


Terminals, with rules where they appear

$end (0) 0
error (256)
DOCTYPE (258) 1 2 4 6 8
HTMLOP (259) 2 3 4 5 6 7 8 9
HTMLCL (260) 2 3 4 5 6 7 8 9
HEADOP (261) 10 11
HEADCL (262) 10 11
TITLEOP (263) 12 13
TITLECL (264) 12 13
BODYOP (265) 14 15
BODYCL (266) 14 15
BPHRASEOP (267) 22 51 52 53 54
BPHRASECL (268) 31 32 33 34 35 36
PHRASEOP (269) 37 38
PHRASECL (270) 39 40 41 42 43 44 45
GTPHOP (271) 23
GTPHCL (272) 46 47 48 49 50 51 52 53 54
TEXT (273) 18
AOPOP (274)
AOP (275)
ACL (276)
ATTRIBUTE (277) 150
ATTRIBUTEVAL (278) 150
DIVOP (279) 27 69 70 73 74
DIVCL (280) 63 64 65 66
IMGOP (281) 19
IMGCL (282) 151
FONTOP (283)
FONTOOP (284)
FONTCL (285)
LOP (286) 24
LCL (287) 56 58 59 60
LIOP (288) 55 57
LICL (289) 61 62
FIGOP (290) 30
FIGCL (291) 136 137 138 139 140 141 142 143 144 145 146 147
FIGCAPOP (292) 136 137 138 141 142 143 146 147
FIGCAPCL (293) 148 149
DLOP (294) 28
DLCL (295) 67 68 69 70 71 72 73 74 75 76 77 78
DTOP (296) 75 76 77 78 81 83
DTCL (297) 79 80 81 82 83
DDOP (298) 79 80 81 82 83 85 87 89 91
DDCL (299) 84 85 86 87 88 89 90 91
TABOP (300) 29
TABCL (301) 96 97 98 99 100 101 102 103 104 105
CAPOP (302) 96 97 98 99 100 102
CAPCL (303) 92 93 94 95
TROP (304) 100 101 102 103 114 115 116 117 118 119
TRCL (305) 106 107 108 109 110 111 112 113 114 115 116 117 118 119
THOP (306) 108 112 116 118 124 125 126 127
THCL (307) 120 121 122 123 124 125 126 127
TDOP (308) 109 113 117 119 132 133 134 135
TDCL (309) 128 129 130 131 132 133 134 135
BR (310) 17
COMMENT (311) 16
SPCHAR (312)


Nonterminals, with rules where they appear

$accept (58)
    on left: 0
st (59)
    on left: 1 2 3 4 5 6 7 8 9, on right: 0
head (60)
    on left: 10 11, on right: 4 5 6 7
title (61)
    on left: 12 13, on right: 10
body (62)
    on left: 14 15, on right: 6 7 8 9
misc (63)
    on left: 16 17 18 19, on right: 20 21 25 26
consume (64)
    on left: 20 21, on right: 13 20 35 36 38 42 43 44 45 50 53 54 57
    58 60 68 70 72 74 77 78 80 88 89 90 91 94 95 98 99 107 110 111
    112 113 115 118 119 122 123 126 127 130 131 134 135
flow (65)
    on left: 22 23 24 25 26 27 28 29 30, on right: 14 25 31 32 35 46
    47 51 53 59 60 61 64 65 66 71 72 73 74 76 78 79 80 81 84 85 88
    89 92 94 97 99 102 103 105 121 123 125 127 129 131 133 135 136
    138 139 141 142 143 144 145 146 147 148
phraseopen (66)
    on left: 31 32 33 34 35 36, on right: 22 51 52 53 54
phrases (67)
    on left: 37 38, on right: 31 34 40 41 44 46 48
phr (68)
    on left: 39 40 41 42 43 44 45, on right: 37 38
gtph (69)
    on left: 46 47 48 49 50 51 52 53 54, on right: 23
list (70)
    on left: 55 56 57 58 59 60, on right: 24 55 57
listitem (71)
    on left: 61 62, on right: 55 57
div (72)
    on left: 63 64 65 66, on right: 27 69 70 73 74
dl (73)
    on left: 67 68 69 70 71 72 73 74 75 76 77 78, on right: 28
dt (74)
    on left: 79 80 81 82 83, on right: 75 76 77 78 81 83
dd (75)
    on left: 84 85 86 87 88 89 90 91, on right: 79 80 81 82 83 85 87
    89 91
caption (76)
    on left: 92 93 94 95, on right: 96 97 98 99 100 102
table (77)
    on left: 96 97 98 99 100 101 102 103 104 105, on right: 29
tr (78)
    on left: 106 107 108 109 110 111 112 113 114 115 116 117 118 119,
    on right: 100 101 102 103 114 115 116 117 118 119
th (79)
    on left: 120 121 122 123 124 125 126 127, on right: 108 112 116
    118 124 125 126 127
td (80)
    on left: 128 129 130 131 132 133 134 135, on right: 109 113 117
    119 132 133 134 135
figure (81)
    on left: 136 137 138 139 140 141 142 143 144 145 146 147, on right:
    30
figcap (82)
    on left: 148 149, on right: 136 137 138 141 142 143 146 147
img (83)
    on left: 150 151, on right: 19 150


State 0

    0 $accept: . st $end

    DOCTYPE  shift, and go to state 1
    HTMLOP   shift, and go to state 2

    st  go to state 3


State 1

    1 st: DOCTYPE .
    2   | DOCTYPE . HTMLOP HTMLCL
    4   | DOCTYPE . HTMLOP head HTMLCL
    6   | DOCTYPE . HTMLOP head body HTMLCL
    8   | DOCTYPE . HTMLOP body HTMLCL

    HTMLOP  shift, and go to state 4

    $default  reduce using rule 1 (st)


State 2

    3 st: HTMLOP . HTMLCL
    5   | HTMLOP . head HTMLCL
    7   | HTMLOP . head body HTMLCL
    9   | HTMLOP . body HTMLCL

    HTMLCL  shift, and go to state 5
    HEADOP  shift, and go to state 6
    BODYOP  shift, and go to state 7

    head  go to state 8
    body  go to state 9


State 3

    0 $accept: st . $end

    $end  shift, and go to state 10


State 4

    2 st: DOCTYPE HTMLOP . HTMLCL
    4   | DOCTYPE HTMLOP . head HTMLCL
    6   | DOCTYPE HTMLOP . head body HTMLCL
    8   | DOCTYPE HTMLOP . body HTMLCL

    HTMLCL  shift, and go to state 11
    HEADOP  shift, and go to state 6
    BODYOP  shift, and go to state 7

    head  go to state 12
    body  go to state 13


State 5

    3 st: HTMLOP HTMLCL .

    $default  reduce using rule 3 (st)


State 6

   10 head: HEADOP . title HEADCL
   11     | HEADOP . HEADCL

    HEADCL   shift, and go to state 14
    TITLEOP  shift, and go to state 15

    title  go to state 16


State 7

   14 body: BODYOP . flow BODYCL
   15     | BODYOP . BODYCL

    BODYCL     shift, and go to state 17
    BPHRASEOP  shift, and go to state 18
    GTPHOP     shift, and go to state 19
    TEXT       shift, and go to state 20
    DIVOP      shift, and go to state 21
    IMGOP      shift, and go to state 22
    LOP        shift, and go to state 23
    FIGOP      shift, and go to state 24
    DLOP       shift, and go to state 25
    TABOP      shift, and go to state 26
    BR         shift, and go to state 27
    COMMENT    shift, and go to state 28

    misc  go to state 29
    flow  go to state 30


State 8

    5 st: HTMLOP head . HTMLCL
    7   | HTMLOP head . body HTMLCL

    HTMLCL  shift, and go to state 31
    BODYOP  shift, and go to state 7

    body  go to state 32


State 9

    9 st: HTMLOP body . HTMLCL

    HTMLCL  shift, and go to state 33


State 10

    0 $accept: st $end .

    $default  accept


State 11

    2 st: DOCTYPE HTMLOP HTMLCL .

    $default  reduce using rule 2 (st)


State 12

    4 st: DOCTYPE HTMLOP head . HTMLCL
    6   | DOCTYPE HTMLOP head . body HTMLCL

    HTMLCL  shift, and go to state 34
    BODYOP  shift, and go to state 7

    body  go to state 35


State 13

    8 st: DOCTYPE HTMLOP body . HTMLCL

    HTMLCL  shift, and go to state 36


State 14

   11 head: HEADOP HEADCL .

    $default  reduce using rule 11 (head)


State 15

   12 title: TITLEOP . TITLECL
   13      | TITLEOP . consume TITLECL

    TITLECL  shift, and go to state 37
    TEXT     shift, and go to state 20
    IMGOP    shift, and go to state 22
    BR       shift, and go to state 27
    COMMENT  shift, and go to state 28

    misc     go to state 38
    consume  go to state 39


State 16

   10 head: HEADOP title . HEADCL

    HEADCL  shift, and go to state 40


State 17

   15 body: BODYOP BODYCL .

    $default  reduce using rule 15 (body)


State 18

   22 flow: BPHRASEOP . phraseopen

    BPHRASECL  shift, and go to state 41
    PHRASEOP   shift, and go to state 42
    TEXT       shift, and go to state 20
    IMGOP      shift, and go to state 22
    BR         shift, and go to state 27
    COMMENT    shift, and go to state 28

    misc        go to state 38
    consume     go to state 43
    phraseopen  go to state 44
    phrases     go to state 45


State 19

   23 flow: GTPHOP . gtph

    BPHRASEOP  shift, and go to state 46
    PHRASEOP   shift, and go to state 42
    GTPHCL     shift, and go to state 47
    TEXT       shift, and go to state 20
    IMGOP      shift, and go to state 22
    BR         shift, and go to state 27
    COMMENT    shift, and go to state 28

    misc     go to state 38
    consume  go to state 48
    phrases  go to state 49
    gtph     go to state 50


State 20

   18 misc: TEXT .

    $default  reduce using rule 18 (misc)


State 21

   27 flow: DIVOP . div

    BPHRASEOP  shift, and go to state 18
    GTPHOP     shift, and go to state 19
    TEXT       shift, and go to state 20
    DIVOP      shift, and go to state 21
    DIVCL      shift, and go to state 51
    IMGOP      shift, and go to state 22
    LOP        shift, and go to state 23
    FIGOP      shift, and go to state 24
    DLOP       shift, and go to state 25
    TABOP      shift, and go to state 26
    BR         shift, and go to state 27
    COMMENT    shift, and go to state 28

    misc  go to state 29
    flow  go to state 52
    div   go to state 53


State 22

   19 misc: IMGOP . img

    ATTRIBUTE  shift, and go to state 54
    IMGCL      shift, and go to state 55

    img  go to state 56


State 23

   24 flow: LOP . list

    TEXT     shift, and go to state 20
    IMGOP    shift, and go to state 22
    LCL      shift, and go to state 57
    LIOP     shift, and go to state 58
    BR       shift, and go to state 27
    COMMENT  shift, and go to state 28

    misc     go to state 38
    consume  go to state 59
    list     go to state 60


State 24

   30 flow: FIGOP . figure

    BPHRASEOP  shift, and go to state 18
    GTPHOP     shift, and go to state 19
    TEXT       shift, and go to state 20
    DIVOP      shift, and go to state 21
    IMGOP      shift, and go to state 22
    LOP        shift, and go to state 23
    FIGOP      shift, and go to state 24
    FIGCL      shift, and go to state 61
    FIGCAPOP   shift, and go to state 62
    DLOP       shift, and go to state 25
    TABOP      shift, and go to state 26
    BR         shift, and go to state 27
    COMMENT    shift, and go to state 28

    misc    go to state 29
    flow    go to state 63
    figure  go to state 64


State 25

   28 flow: DLOP . dl

    TEXT     shift, and go to state 20
    DIVOP    shift, and go to state 65
    IMGOP    shift, and go to state 22
    DLCL     shift, and go to state 66
    DTOP     shift, and go to state 67
    BR       shift, and go to state 27
    COMMENT  shift, and go to state 28

    misc     go to state 38
    consume  go to state 68
    dl       go to state 69


State 26

   29 flow: TABOP . table

    TEXT     shift, and go to state 20
    IMGOP    shift, and go to state 22
    TABCL    shift, and go to state 70
    CAPOP    shift, and go to state 71
    TROP     shift, and go to state 72
    BR       shift, and go to state 27
    COMMENT  shift, and go to state 28

    misc     go to state 38
    consume  go to state 73
    table    go to state 74


State 27

   17 misc: BR .

    $default  reduce using rule 17 (misc)


State 28

   16 misc: COMMENT .

    $default  reduce using rule 16 (misc)


State 29

   25 flow: misc . flow
   26     | misc .

    BPHRASEOP  shift, and go to state 18
    GTPHOP     shift, and go to state 19
    TEXT       shift, and go to state 20
    DIVOP      shift, and go to state 21
    IMGOP      shift, and go to state 22
    LOP        shift, and go to state 23
    FIGOP      shift, and go to state 24
    DLOP       shift, and go to state 25
    TABOP      shift, and go to state 26
    BR         shift, and go to state 27
    COMMENT    shift, and go to state 28

    $default  reduce using rule 26 (flow)

    misc  go to state 29
    flow  go to state 75


State 30

   14 body: BODYOP flow . BODYCL

    BODYCL  shift, and go to state 76


State 31

    5 st: HTMLOP head HTMLCL .

    $default  reduce using rule 5 (st)


State 32

    7 st: HTMLOP head body . HTMLCL

    HTMLCL  shift, and go to state 77


State 33

    9 st: HTMLOP body HTMLCL .

    $default  reduce using rule 9 (st)


State 34

    4 st: DOCTYPE HTMLOP head HTMLCL .

    $default  reduce using rule 4 (st)


State 35

    6 st: DOCTYPE HTMLOP head body . HTMLCL

    HTMLCL  shift, and go to state 78


State 36

    8 st: DOCTYPE HTMLOP body HTMLCL .

    $default  reduce using rule 8 (st)


State 37

   12 title: TITLEOP TITLECL .

    $default  reduce using rule 12 (title)


State 38

   21 consume: misc .

    $default  reduce using rule 21 (consume)


State 39

   13 title: TITLEOP consume . TITLECL
   20 consume: consume . misc

    TITLECL  shift, and go to state 79
    TEXT     shift, and go to state 20
    IMGOP    shift, and go to state 22
    BR       shift, and go to state 27
    COMMENT  shift, and go to state 28

    misc  go to state 80


State 40

   10 head: HEADOP title HEADCL .

    $default  reduce using rule 10 (head)


State 41

   32 phraseopen: BPHRASECL . flow
   33           | BPHRASECL .

    BPHRASEOP  shift, and go to state 18
    GTPHOP     shift, and go to state 19
    TEXT       shift, and go to state 20
    DIVOP      shift, and go to state 21
    IMGOP      shift, and go to state 22
    LOP        shift, and go to state 23
    FIGOP      shift, and go to state 24
    DLOP       shift, and go to state 25
    TABOP      shift, and go to state 26
    BR         shift, and go to state 27
    COMMENT    shift, and go to state 28

    $default  reduce using rule 33 (phraseopen)

    misc  go to state 29
    flow  go to state 81


State 42

   37 phrases: PHRASEOP . phr

    PHRASEOP  shift, and go to state 42
    PHRASECL  shift, and go to state 82
    TEXT      shift, and go to state 20
    IMGOP     shift, and go to state 22
    BR        shift, and go to state 27
    COMMENT   shift, and go to state 28

    misc     go to state 38
    consume  go to state 83
    phrases  go to state 84
    phr      go to state 85


State 43

   20 consume: consume . misc
   35 phraseopen: consume . BPHRASECL flow
   36           | consume . BPHRASECL
   38 phrases: consume . PHRASEOP phr

    BPHRASECL  shift, and go to state 86
    PHRASEOP   shift, and go to state 87
    TEXT       shift, and go to state 20
    IMGOP      shift, and go to state 22
    BR         shift, and go to state 27
    COMMENT    shift, and go to state 28

    misc  go to state 80


State 44

   22 flow: BPHRASEOP phraseopen .

    $default  reduce using rule 22 (flow)


State 45

   31 phraseopen: phrases . BPHRASECL flow
   34           | phrases . BPHRASECL

    BPHRASECL  shift, and go to state 88


State 46

   51 gtph: BPHRASEOP . phraseopen GTPHCL flow
   52     | BPHRASEOP . phraseopen GTPHCL

    BPHRASECL  shift, and go to state 41
    PHRASEOP   shift, and go to state 42
    TEXT       shift, and go to state 20
    IMGOP      shift, and go to state 22
    BR         shift, and go to state 27
    COMMENT    shift, and go to state 28

    misc        go to state 38
    consume     go to state 43
    phraseopen  go to state 89
    phrases     go to state 45


State 47

   47 gtph: GTPHCL . flow
   49     | GTPHCL .

    BPHRASEOP  shift, and go to state 18
    GTPHOP     shift, and go to state 19
    TEXT       shift, and go to state 20
    DIVOP      shift, and go to state 21
    IMGOP      shift, and go to state 22
    LOP        shift, and go to state 23
    FIGOP      shift, and go to state 24
    DLOP       shift, and go to state 25
    TABOP      shift, and go to state 26
    BR         shift, and go to state 27
    COMMENT    shift, and go to state 28

    $default  reduce using rule 49 (gtph)

    misc  go to state 29
    flow  go to state 90


State 48

   20 consume: consume . misc
   38 phrases: consume . PHRASEOP phr
   50 gtph: consume . GTPHCL
   53     | consume . BPHRASEOP phraseopen GTPHCL flow
   54     | consume . BPHRASEOP phraseopen GTPHCL

    BPHRASEOP  shift, and go to state 91
    PHRASEOP   shift, and go to state 87
    GTPHCL     shift, and go to state 92
    TEXT       shift, and go to state 20
    IMGOP      shift, and go to state 22
    BR         shift, and go to state 27
    COMMENT    shift, and go to state 28

    misc  go to state 80


State 49

   46 gtph: phrases . GTPHCL flow
   48     | phrases . GTPHCL

    GTPHCL  shift, and go to state 93


State 50

   23 flow: GTPHOP gtph .

    $default  reduce using rule 23 (flow)


State 51

   63 div: DIVCL .
   64    | DIVCL . flow

    BPHRASEOP  shift, and go to state 18
    GTPHOP     shift, and go to state 19
    TEXT       shift, and go to state 20
    DIVOP      shift, and go to state 21
    IMGOP      shift, and go to state 22
    LOP        shift, and go to state 23
    FIGOP      shift, and go to state 24
    DLOP       shift, and go to state 25
    TABOP      shift, and go to state 26
    BR         shift, and go to state 27
    COMMENT    shift, and go to state 28

    $default  reduce using rule 63 (div)

    misc  go to state 29
    flow  go to state 94


State 52

   65 div: flow . DIVCL flow
   66    | flow . DIVCL

    DIVCL  shift, and go to state 95


State 53

   27 flow: DIVOP div .

    $default  reduce using rule 27 (flow)


State 54

  150 img: ATTRIBUTE . ATTRIBUTEVAL img

    ATTRIBUTEVAL  shift, and go to state 96


State 55

  151 img: IMGCL .

    $default  reduce using rule 151 (img)


State 56

   19 misc: IMGOP img .

    $default  reduce using rule 19 (misc)


State 57

   56 list: LCL .
   59     | LCL . flow

    BPHRASEOP  shift, and go to state 18
    GTPHOP     shift, and go to state 19
    TEXT       shift, and go to state 20
    DIVOP      shift, and go to state 21
    IMGOP      shift, and go to state 22
    LOP        shift, and go to state 23
    FIGOP      shift, and go to state 24
    DLOP       shift, and go to state 25
    TABOP      shift, and go to state 26
    BR         shift, and go to state 27
    COMMENT    shift, and go to state 28

    $default  reduce using rule 56 (list)

    misc  go to state 29
    flow  go to state 97


State 58

   55 list: LIOP . listitem list

    BPHRASEOP  shift, and go to state 18
    GTPHOP     shift, and go to state 19
    TEXT       shift, and go to state 20
    DIVOP      shift, and go to state 21
    IMGOP      shift, and go to state 22
    LOP        shift, and go to state 23
    LICL       shift, and go to state 98
    FIGOP      shift, and go to state 24
    DLOP       shift, and go to state 25
    TABOP      shift, and go to state 26
    BR         shift, and go to state 27
    COMMENT    shift, and go to state 28

    misc      go to state 29
    flow      go to state 99
    listitem  go to state 100


State 59

   20 consume: consume . misc
   57 list: consume . LIOP listitem list
   58     | consume . LCL
   60     | consume . LCL flow

    TEXT     shift, and go to state 20
    IMGOP    shift, and go to state 22
    LCL      shift, and go to state 101
    LIOP     shift, and go to state 102
    BR       shift, and go to state 27
    COMMENT  shift, and go to state 28

    misc  go to state 80


State 60

   24 flow: LOP list .

    $default  reduce using rule 24 (flow)


State 61

  140 figure: FIGCL .
  145       | FIGCL . flow

    BPHRASEOP  shift, and go to state 18
    GTPHOP     shift, and go to state 19
    TEXT       shift, and go to state 20
    DIVOP      shift, and go to state 21
    IMGOP      shift, and go to state 22
    LOP        shift, and go to state 23
    FIGOP      shift, and go to state 24
    DLOP       shift, and go to state 25
    TABOP      shift, and go to state 26
    BR         shift, and go to state 27
    COMMENT    shift, and go to state 28

    $default  reduce using rule 140 (figure)

    misc  go to state 29
    flow  go to state 103


State 62

  137 figure: FIGCAPOP . figcap FIGCL
  138       | FIGCAPOP . figcap flow FIGCL
  142       | FIGCAPOP . figcap FIGCL flow
  143       | FIGCAPOP . figcap flow FIGCL flow

    BPHRASEOP  shift, and go to state 18
    GTPHOP     shift, and go to state 19
    TEXT       shift, and go to state 20
    DIVOP      shift, and go to state 21
    IMGOP      shift, and go to state 22
    LOP        shift, and go to state 23
    FIGOP      shift, and go to state 24
    FIGCAPCL   shift, and go to state 104
    DLOP       shift, and go to state 25
    TABOP      shift, and go to state 26
    BR         shift, and go to state 27
    COMMENT    shift, and go to state 28

    misc    go to state 29
    flow    go to state 105
    figcap  go to state 106


State 63

  136 figure: flow . FIGCAPOP figcap FIGCL
  139       | flow . FIGCL
  141       | flow . FIGCAPOP figcap FIGCL flow
  144       | flow . FIGCL flow
  146       | flow . FIGCAPOP figcap flow FIGCL flow
  147       | flow . FIGCAPOP figcap flow FIGCL

    FIGCL     shift, and go to state 107
    FIGCAPOP  shift, and go to state 108


State 64

   30 flow: FIGOP figure .

    $default  reduce using rule 30 (flow)


State 65

   69 dl: DIVOP . div DLCL
   73   | DIVOP . div DLCL flow

    BPHRASEOP  shift, and go to state 18
    GTPHOP     shift, and go to state 19
    TEXT       shift, and go to state 20
    DIVOP      shift, and go to state 21
    DIVCL      shift, and go to state 51
    IMGOP      shift, and go to state 22
    LOP        shift, and go to state 23
    FIGOP      shift, and go to state 24
    DLOP       shift, and go to state 25
    TABOP      shift, and go to state 26
    BR         shift, and go to state 27
    COMMENT    shift, and go to state 28

    misc  go to state 29
    flow  go to state 52
    div   go to state 109


State 66

   67 dl: DLCL .
   71   | DLCL . flow

    BPHRASEOP  shift, and go to state 18
    GTPHOP     shift, and go to state 19
    TEXT       shift, and go to state 20
    DIVOP      shift, and go to state 21
    IMGOP      shift, and go to state 22
    LOP        shift, and go to state 23
    FIGOP      shift, and go to state 24
    DLOP       shift, and go to state 25
    TABOP      shift, and go to state 26
    BR         shift, and go to state 27
    COMMENT    shift, and go to state 28

    $default  reduce using rule 67 (dl)

    misc  go to state 29
    flow  go to state 110


State 67

   75 dl: DTOP . dt DLCL
   76   | DTOP . dt DLCL flow

    BPHRASEOP  shift, and go to state 18
    GTPHOP     shift, and go to state 19
    TEXT       shift, and go to state 20
    DIVOP      shift, and go to state 21
    IMGOP      shift, and go to state 22
    LOP        shift, and go to state 23
    FIGOP      shift, and go to state 24
    DLOP       shift, and go to state 25
    DTCL       shift, and go to state 111
    TABOP      shift, and go to state 26
    BR         shift, and go to state 27
    COMMENT    shift, and go to state 28

    misc  go to state 29
    flow  go to state 112
    dt    go to state 113


State 68

   20 consume: consume . misc
   68 dl: consume . DLCL
   70   | consume . DIVOP div DLCL
   72   | consume . DLCL flow
   74   | consume . DIVOP div DLCL flow
   77   | consume . DTOP dt DLCL
   78   | consume . DTOP dt DLCL flow

    TEXT     shift, and go to state 20
    DIVOP    shift, and go to state 114
    IMGOP    shift, and go to state 22
    DLCL     shift, and go to state 115
    DTOP     shift, and go to state 116
    BR       shift, and go to state 27
    COMMENT  shift, and go to state 28

    misc  go to state 80


State 69

   28 flow: DLOP dl .

    $default  reduce using rule 28 (flow)


State 70

  104 table: TABCL .
  105      | TABCL . flow

    BPHRASEOP  shift, and go to state 18
    GTPHOP     shift, and go to state 19
    TEXT       shift, and go to state 20
    DIVOP      shift, and go to state 21
    IMGOP      shift, and go to state 22
    LOP        shift, and go to state 23
    FIGOP      shift, and go to state 24
    DLOP       shift, and go to state 25
    TABOP      shift, and go to state 26
    BR         shift, and go to state 27
    COMMENT    shift, and go to state 28

    $default  reduce using rule 104 (table)

    misc  go to state 29
    flow  go to state 117


State 71

   96 table: CAPOP . caption TABCL
   97      | CAPOP . caption TABCL flow
  100      | CAPOP . caption TROP tr TABCL
  102      | CAPOP . caption TROP tr TABCL flow

    BPHRASEOP  shift, and go to state 18
    GTPHOP     shift, and go to state 19
    TEXT       shift, and go to state 20
    DIVOP      shift, and go to state 21
    IMGOP      shift, and go to state 22
    LOP        shift, and go to state 23
    FIGOP      shift, and go to state 24
    DLOP       shift, and go to state 25
    TABOP      shift, and go to state 26
    CAPCL      shift, and go to state 118
    BR         shift, and go to state 27
    COMMENT    shift, and go to state 28

    misc     go to state 29
    flow     go to state 119
    caption  go to state 120


State 72

  101 table: TROP . tr TABCL
  103      | TROP . tr TABCL flow

    TEXT     shift, and go to state 20
    IMGOP    shift, and go to state 22
    TRCL     shift, and go to state 121
    THOP     shift, and go to state 122
    TDOP     shift, and go to state 123
    BR       shift, and go to state 27
    COMMENT  shift, and go to state 28

    misc     go to state 38
    consume  go to state 124
    tr       go to state 125


State 73

   20 consume: consume . misc
   98 table: consume . CAPOP caption TABCL
   99      | consume . CAPOP caption TABCL flow

    TEXT     shift, and go to state 20
    IMGOP    shift, and go to state 22
    CAPOP    shift, and go to state 126
    BR       shift, and go to state 27
    COMMENT  shift, and go to state 28

    misc  go to state 80


State 74

   29 flow: TABOP table .

    $default  reduce using rule 29 (flow)


State 75

   25 flow: misc flow .

    $default  reduce using rule 25 (flow)


State 76

   14 body: BODYOP flow BODYCL .

    $default  reduce using rule 14 (body)


State 77

    7 st: HTMLOP head body HTMLCL .

    $default  reduce using rule 7 (st)


State 78

    6 st: DOCTYPE HTMLOP head body HTMLCL .

    $default  reduce using rule 6 (st)


State 79

   13 title: TITLEOP consume TITLECL .

    $default  reduce using rule 13 (title)


State 80

   20 consume: consume misc .

    $default  reduce using rule 20 (consume)


State 81

   32 phraseopen: BPHRASECL flow .

    $default  reduce using rule 32 (phraseopen)


State 82

   39 phr: PHRASECL .
   41    | PHRASECL . phrases
   42    | PHRASECL . consume

    PHRASEOP  shift, and go to state 42
    TEXT      shift, and go to state 20
    IMGOP     shift, and go to state 22
    BR        shift, and go to state 27
    COMMENT   shift, and go to state 28

    $default  reduce using rule 39 (phr)

    misc     go to state 38
    consume  go to state 127
    phrases  go to state 128


State 83

   20 consume: consume . misc
   38 phrases: consume . PHRASEOP phr
   43 phr: consume . PHRASECL
   44    | consume . PHRASECL phrases
   45    | consume . PHRASECL consume

    PHRASEOP  shift, and go to state 87
    PHRASECL  shift, and go to state 129
    TEXT      shift, and go to state 20
    IMGOP     shift, and go to state 22
    BR        shift, and go to state 27
    COMMENT   shift, and go to state 28

    misc  go to state 80


State 84

   40 phr: phrases . PHRASECL

    PHRASECL  shift, and go to state 130


State 85

   37 phrases: PHRASEOP phr .

    $default  reduce using rule 37 (phrases)


State 86

   35 phraseopen: consume BPHRASECL . flow
   36           | consume BPHRASECL .

    BPHRASEOP  shift, and go to state 18
    GTPHOP     shift, and go to state 19
    TEXT       shift, and go to state 20
    DIVOP      shift, and go to state 21
    IMGOP      shift, and go to state 22
    LOP        shift, and go to state 23
    FIGOP      shift, and go to state 24
    DLOP       shift, and go to state 25
    TABOP      shift, and go to state 26
    BR         shift, and go to state 27
    COMMENT    shift, and go to state 28

    $default  reduce using rule 36 (phraseopen)

    misc  go to state 29
    flow  go to state 131


State 87

   38 phrases: consume PHRASEOP . phr

    PHRASEOP  shift, and go to state 42
    PHRASECL  shift, and go to state 82
    TEXT      shift, and go to state 20
    IMGOP     shift, and go to state 22
    BR        shift, and go to state 27
    COMMENT   shift, and go to state 28

    misc     go to state 38
    consume  go to state 83
    phrases  go to state 84
    phr      go to state 132


State 88

   31 phraseopen: phrases BPHRASECL . flow
   34           | phrases BPHRASECL .

    BPHRASEOP  shift, and go to state 18
    GTPHOP     shift, and go to state 19
    TEXT       shift, and go to state 20
    DIVOP      shift, and go to state 21
    IMGOP      shift, and go to state 22
    LOP        shift, and go to state 23
    FIGOP      shift, and go to state 24
    DLOP       shift, and go to state 25
    TABOP      shift, and go to state 26
    BR         shift, and go to state 27
    COMMENT    shift, and go to state 28

    $default  reduce using rule 34 (phraseopen)

    misc  go to state 29
    flow  go to state 133


State 89

   51 gtph: BPHRASEOP phraseopen . GTPHCL flow
   52     | BPHRASEOP phraseopen . GTPHCL

    GTPHCL  shift, and go to state 134


State 90

   47 gtph: GTPHCL flow .

    $default  reduce using rule 47 (gtph)


State 91

   53 gtph: consume BPHRASEOP . phraseopen GTPHCL flow
   54     | consume BPHRASEOP . phraseopen GTPHCL

    BPHRASECL  shift, and go to state 41
    PHRASEOP   shift, and go to state 42
    TEXT       shift, and go to state 20
    IMGOP      shift, and go to state 22
    BR         shift, and go to state 27
    COMMENT    shift, and go to state 28

    misc        go to state 38
    consume     go to state 43
    phraseopen  go to state 135
    phrases     go to state 45


State 92

   50 gtph: consume GTPHCL .

    $default  reduce using rule 50 (gtph)


State 93

   46 gtph: phrases GTPHCL . flow
   48     | phrases GTPHCL .

    BPHRASEOP  shift, and go to state 18
    GTPHOP     shift, and go to state 19
    TEXT       shift, and go to state 20
    DIVOP      shift, and go to state 21
    IMGOP      shift, and go to state 22
    LOP        shift, and go to state 23
    FIGOP      shift, and go to state 24
    DLOP       shift, and go to state 25
    TABOP      shift, and go to state 26
    BR         shift, and go to state 27
    COMMENT    shift, and go to state 28

    $default  reduce using rule 48 (gtph)

    misc  go to state 29
    flow  go to state 136


State 94

   64 div: DIVCL flow .

    $default  reduce using rule 64 (div)


State 95

   65 div: flow DIVCL . flow
   66    | flow DIVCL .

    BPHRASEOP  shift, and go to state 18
    GTPHOP     shift, and go to state 19
    TEXT       shift, and go to state 20
    DIVOP      shift, and go to state 21
    IMGOP      shift, and go to state 22
    LOP        shift, and go to state 23
    FIGOP      shift, and go to state 24
    DLOP       shift, and go to state 25
    TABOP      shift, and go to state 26
    BR         shift, and go to state 27
    COMMENT    shift, and go to state 28

    $default  reduce using rule 66 (div)

    misc  go to state 29
    flow  go to state 137


State 96

  150 img: ATTRIBUTE ATTRIBUTEVAL . img

    ATTRIBUTE  shift, and go to state 54
    IMGCL      shift, and go to state 55

    img  go to state 138


State 97

   59 list: LCL flow .

    $default  reduce using rule 59 (list)


State 98

   62 listitem: LICL .

    $default  reduce using rule 62 (listitem)


State 99

   61 listitem: flow . LICL

    LICL  shift, and go to state 139


State 100

   55 list: LIOP listitem . list

    TEXT     shift, and go to state 20
    IMGOP    shift, and go to state 22
    LCL      shift, and go to state 57
    LIOP     shift, and go to state 58
    BR       shift, and go to state 27
    COMMENT  shift, and go to state 28

    misc     go to state 38
    consume  go to state 59
    list     go to state 140


State 101

   58 list: consume LCL .
   60     | consume LCL . flow

    BPHRASEOP  shift, and go to state 18
    GTPHOP     shift, and go to state 19
    TEXT       shift, and go to state 20
    DIVOP      shift, and go to state 21
    IMGOP      shift, and go to state 22
    LOP        shift, and go to state 23
    FIGOP      shift, and go to state 24
    DLOP       shift, and go to state 25
    TABOP      shift, and go to state 26
    BR         shift, and go to state 27
    COMMENT    shift, and go to state 28

    $default  reduce using rule 58 (list)

    misc  go to state 29
    flow  go to state 141


State 102

   57 list: consume LIOP . listitem list

    BPHRASEOP  shift, and go to state 18
    GTPHOP     shift, and go to state 19
    TEXT       shift, and go to state 20
    DIVOP      shift, and go to state 21
    IMGOP      shift, and go to state 22
    LOP        shift, and go to state 23
    LICL       shift, and go to state 98
    FIGOP      shift, and go to state 24
    DLOP       shift, and go to state 25
    TABOP      shift, and go to state 26
    BR         shift, and go to state 27
    COMMENT    shift, and go to state 28

    misc      go to state 29
    flow      go to state 99
    listitem  go to state 142


State 103

  145 figure: FIGCL flow .

    $default  reduce using rule 145 (figure)


State 104

  149 figcap: FIGCAPCL .

    $default  reduce using rule 149 (figcap)


State 105

  148 figcap: flow . FIGCAPCL

    FIGCAPCL  shift, and go to state 143


State 106

  137 figure: FIGCAPOP figcap . FIGCL
  138       | FIGCAPOP figcap . flow FIGCL
  142       | FIGCAPOP figcap . FIGCL flow
  143       | FIGCAPOP figcap . flow FIGCL flow

    BPHRASEOP  shift, and go to state 18
    GTPHOP     shift, and go to state 19
    TEXT       shift, and go to state 20
    DIVOP      shift, and go to state 21
    IMGOP      shift, and go to state 22
    LOP        shift, and go to state 23
    FIGOP      shift, and go to state 24
    FIGCL      shift, and go to state 144
    DLOP       shift, and go to state 25
    TABOP      shift, and go to state 26
    BR         shift, and go to state 27
    COMMENT    shift, and go to state 28

    misc  go to state 29
    flow  go to state 145


State 107

  139 figure: flow FIGCL .
  144       | flow FIGCL . flow

    BPHRASEOP  shift, and go to state 18
    GTPHOP     shift, and go to state 19
    TEXT       shift, and go to state 20
    DIVOP      shift, and go to state 21
    IMGOP      shift, and go to state 22
    LOP        shift, and go to state 23
    FIGOP      shift, and go to state 24
    DLOP       shift, and go to state 25
    TABOP      shift, and go to state 26
    BR         shift, and go to state 27
    COMMENT    shift, and go to state 28

    $default  reduce using rule 139 (figure)

    misc  go to state 29
    flow  go to state 146


State 108

  136 figure: flow FIGCAPOP . figcap FIGCL
  141       | flow FIGCAPOP . figcap FIGCL flow
  146       | flow FIGCAPOP . figcap flow FIGCL flow
  147       | flow FIGCAPOP . figcap flow FIGCL

    BPHRASEOP  shift, and go to state 18
    GTPHOP     shift, and go to state 19
    TEXT       shift, and go to state 20
    DIVOP      shift, and go to state 21
    IMGOP      shift, and go to state 22
    LOP        shift, and go to state 23
    FIGOP      shift, and go to state 24
    FIGCAPCL   shift, and go to state 104
    DLOP       shift, and go to state 25
    TABOP      shift, and go to state 26
    BR         shift, and go to state 27
    COMMENT    shift, and go to state 28

    misc    go to state 29
    flow    go to state 105
    figcap  go to state 147


State 109

   69 dl: DIVOP div . DLCL
   73   | DIVOP div . DLCL flow

    DLCL  shift, and go to state 148


State 110

   71 dl: DLCL flow .

    $default  reduce using rule 71 (dl)


State 111

   82 dt: DTCL . DDOP dd
   83   | DTCL . DDOP dd DTOP dt

    DDOP  shift, and go to state 149


State 112

   79 dt: flow . DTCL DDOP dd
   80   | flow . DTCL consume DDOP dd
   81   | flow . DTCL DDOP dd DTOP dt

    DTCL  shift, and go to state 150


State 113

   75 dl: DTOP dt . DLCL
   76   | DTOP dt . DLCL flow

    DLCL  shift, and go to state 151


State 114

   70 dl: consume DIVOP . div DLCL
   74   | consume DIVOP . div DLCL flow

    BPHRASEOP  shift, and go to state 18
    GTPHOP     shift, and go to state 19
    TEXT       shift, and go to state 20
    DIVOP      shift, and go to state 21
    DIVCL      shift, and go to state 51
    IMGOP      shift, and go to state 22
    LOP        shift, and go to state 23
    FIGOP      shift, and go to state 24
    DLOP       shift, and go to state 25
    TABOP      shift, and go to state 26
    BR         shift, and go to state 27
    COMMENT    shift, and go to state 28

    misc  go to state 29
    flow  go to state 52
    div   go to state 152


State 115

   68 dl: consume DLCL .
   72   | consume DLCL . flow

    BPHRASEOP  shift, and go to state 18
    GTPHOP     shift, and go to state 19
    TEXT       shift, and go to state 20
    DIVOP      shift, and go to state 21
    IMGOP      shift, and go to state 22
    LOP        shift, and go to state 23
    FIGOP      shift, and go to state 24
    DLOP       shift, and go to state 25
    TABOP      shift, and go to state 26
    BR         shift, and go to state 27
    COMMENT    shift, and go to state 28

    $default  reduce using rule 68 (dl)

    misc  go to state 29
    flow  go to state 153


State 116

   77 dl: consume DTOP . dt DLCL
   78   | consume DTOP . dt DLCL flow

    BPHRASEOP  shift, and go to state 18
    GTPHOP     shift, and go to state 19
    TEXT       shift, and go to state 20
    DIVOP      shift, and go to state 21
    IMGOP      shift, and go to state 22
    LOP        shift, and go to state 23
    FIGOP      shift, and go to state 24
    DLOP       shift, and go to state 25
    DTCL       shift, and go to state 111
    TABOP      shift, and go to state 26
    BR         shift, and go to state 27
    COMMENT    shift, and go to state 28

    misc  go to state 29
    flow  go to state 112
    dt    go to state 154


State 117

  105 table: TABCL flow .

    $default  reduce using rule 105 (table)


State 118

   93 caption: CAPCL .
   95        | CAPCL . consume

    TEXT     shift, and go to state 20
    IMGOP    shift, and go to state 22
    BR       shift, and go to state 27
    COMMENT  shift, and go to state 28

    $default  reduce using rule 93 (caption)

    misc     go to state 38
    consume  go to state 155


State 119

   92 caption: flow . CAPCL
   94        | flow . CAPCL consume

    CAPCL  shift, and go to state 156


State 120

   96 table: CAPOP caption . TABCL
   97      | CAPOP caption . TABCL flow
  100      | CAPOP caption . TROP tr TABCL
  102      | CAPOP caption . TROP tr TABCL flow

    TABCL  shift, and go to state 157
    TROP   shift, and go to state 158


State 121

  106 tr: TRCL .
  110   | TRCL . consume
  114   | TRCL . TROP tr
  115   | TRCL . consume TROP tr

    TEXT     shift, and go to state 20
    IMGOP    shift, and go to state 22
    TROP     shift, and go to state 159
    BR       shift, and go to state 27
    COMMENT  shift, and go to state 28

    $default  reduce using rule 106 (tr)

    misc     go to state 38
    consume  go to state 160


State 122

  108 tr: THOP . th TRCL
  112   | THOP . th TRCL consume
  116   | THOP . th TRCL TROP tr
  118   | THOP . th TRCL consume TROP tr

    BPHRASEOP  shift, and go to state 18
    GTPHOP     shift, and go to state 19
    TEXT       shift, and go to state 20
    DIVOP      shift, and go to state 21
    IMGOP      shift, and go to state 22
    LOP        shift, and go to state 23
    FIGOP      shift, and go to state 24
    DLOP       shift, and go to state 25
    TABOP      shift, and go to state 26
    THCL       shift, and go to state 161
    BR         shift, and go to state 27
    COMMENT    shift, and go to state 28

    misc  go to state 29
    flow  go to state 162
    th    go to state 163


State 123

  109 tr: TDOP . td TRCL
  113   | TDOP . td TRCL consume
  117   | TDOP . td TRCL TROP tr
  119   | TDOP . td TRCL consume TROP tr

    BPHRASEOP  shift, and go to state 18
    GTPHOP     shift, and go to state 19
    TEXT       shift, and go to state 20
    DIVOP      shift, and go to state 21
    IMGOP      shift, and go to state 22
    LOP        shift, and go to state 23
    FIGOP      shift, and go to state 24
    DLOP       shift, and go to state 25
    TABOP      shift, and go to state 26
    TDCL       shift, and go to state 164
    BR         shift, and go to state 27
    COMMENT    shift, and go to state 28

    misc  go to state 29
    flow  go to state 165
    td    go to state 166


State 124

   20 consume: consume . misc
  107 tr: consume . TRCL
  111   | consume . TRCL consume

    TEXT     shift, and go to state 20
    IMGOP    shift, and go to state 22
    TRCL     shift, and go to state 167
    BR       shift, and go to state 27
    COMMENT  shift, and go to state 28

    misc  go to state 80


State 125

  101 table: TROP tr . TABCL
  103      | TROP tr . TABCL flow

    TABCL  shift, and go to state 168


State 126

   98 table: consume CAPOP . caption TABCL
   99      | consume CAPOP . caption TABCL flow

    BPHRASEOP  shift, and go to state 18
    GTPHOP     shift, and go to state 19
    TEXT       shift, and go to state 20
    DIVOP      shift, and go to state 21
    IMGOP      shift, and go to state 22
    LOP        shift, and go to state 23
    FIGOP      shift, and go to state 24
    DLOP       shift, and go to state 25
    TABOP      shift, and go to state 26
    CAPCL      shift, and go to state 118
    BR         shift, and go to state 27
    COMMENT    shift, and go to state 28

    misc     go to state 29
    flow     go to state 119
    caption  go to state 169


State 127

   20 consume: consume . misc
   38 phrases: consume . PHRASEOP phr
   42 phr: PHRASECL consume .

    PHRASEOP  shift, and go to state 87
    TEXT      shift, and go to state 20
    IMGOP     shift, and go to state 22
    BR        shift, and go to state 27
    COMMENT   shift, and go to state 28

    $default  reduce using rule 42 (phr)

    misc  go to state 80


State 128

   41 phr: PHRASECL phrases .

    $default  reduce using rule 41 (phr)


State 129

   43 phr: consume PHRASECL .
   44    | consume PHRASECL . phrases
   45    | consume PHRASECL . consume

    PHRASEOP  shift, and go to state 42
    TEXT      shift, and go to state 20
    IMGOP     shift, and go to state 22
    BR        shift, and go to state 27
    COMMENT   shift, and go to state 28

    $default  reduce using rule 43 (phr)

    misc     go to state 38
    consume  go to state 170
    phrases  go to state 171


State 130

   40 phr: phrases PHRASECL .

    $default  reduce using rule 40 (phr)


State 131

   35 phraseopen: consume BPHRASECL flow .

    $default  reduce using rule 35 (phraseopen)


State 132

   38 phrases: consume PHRASEOP phr .

    $default  reduce using rule 38 (phrases)


State 133

   31 phraseopen: phrases BPHRASECL flow .

    $default  reduce using rule 31 (phraseopen)


State 134

   51 gtph: BPHRASEOP phraseopen GTPHCL . flow
   52     | BPHRASEOP phraseopen GTPHCL .

    BPHRASEOP  shift, and go to state 18
    GTPHOP     shift, and go to state 19
    TEXT       shift, and go to state 20
    DIVOP      shift, and go to state 21
    IMGOP      shift, and go to state 22
    LOP        shift, and go to state 23
    FIGOP      shift, and go to state 24
    DLOP       shift, and go to state 25
    TABOP      shift, and go to state 26
    BR         shift, and go to state 27
    COMMENT    shift, and go to state 28

    $default  reduce using rule 52 (gtph)

    misc  go to state 29
    flow  go to state 172


State 135

   53 gtph: consume BPHRASEOP phraseopen . GTPHCL flow
   54     | consume BPHRASEOP phraseopen . GTPHCL

    GTPHCL  shift, and go to state 173


State 136

   46 gtph: phrases GTPHCL flow .

    $default  reduce using rule 46 (gtph)


State 137

   65 div: flow DIVCL flow .

    $default  reduce using rule 65 (div)


State 138

  150 img: ATTRIBUTE ATTRIBUTEVAL img .

    $default  reduce using rule 150 (img)


State 139

   61 listitem: flow LICL .

    $default  reduce using rule 61 (listitem)


State 140

   55 list: LIOP listitem list .

    $default  reduce using rule 55 (list)


State 141

   60 list: consume LCL flow .

    $default  reduce using rule 60 (list)


State 142

   57 list: consume LIOP listitem . list

    TEXT     shift, and go to state 20
    IMGOP    shift, and go to state 22
    LCL      shift, and go to state 57
    LIOP     shift, and go to state 58
    BR       shift, and go to state 27
    COMMENT  shift, and go to state 28

    misc     go to state 38
    consume  go to state 59
    list     go to state 174


State 143

  148 figcap: flow FIGCAPCL .

    $default  reduce using rule 148 (figcap)


State 144

  137 figure: FIGCAPOP figcap FIGCL .
  142       | FIGCAPOP figcap FIGCL . flow

    BPHRASEOP  shift, and go to state 18
    GTPHOP     shift, and go to state 19
    TEXT       shift, and go to state 20
    DIVOP      shift, and go to state 21
    IMGOP      shift, and go to state 22
    LOP        shift, and go to state 23
    FIGOP      shift, and go to state 24
    DLOP       shift, and go to state 25
    TABOP      shift, and go to state 26
    BR         shift, and go to state 27
    COMMENT    shift, and go to state 28

    $default  reduce using rule 137 (figure)

    misc  go to state 29
    flow  go to state 175


State 145

  138 figure: FIGCAPOP figcap flow . FIGCL
  143       | FIGCAPOP figcap flow . FIGCL flow

    FIGCL  shift, and go to state 176


State 146

  144 figure: flow FIGCL flow .

    $default  reduce using rule 144 (figure)


State 147

  136 figure: flow FIGCAPOP figcap . FIGCL
  141       | flow FIGCAPOP figcap . FIGCL flow
  146       | flow FIGCAPOP figcap . flow FIGCL flow
  147       | flow FIGCAPOP figcap . flow FIGCL

    BPHRASEOP  shift, and go to state 18
    GTPHOP     shift, and go to state 19
    TEXT       shift, and go to state 20
    DIVOP      shift, and go to state 21
    IMGOP      shift, and go to state 22
    LOP        shift, and go to state 23
    FIGOP      shift, and go to state 24
    FIGCL      shift, and go to state 177
    DLOP       shift, and go to state 25
    TABOP      shift, and go to state 26
    BR         shift, and go to state 27
    COMMENT    shift, and go to state 28

    misc  go to state 29
    flow  go to state 178


State 148

   69 dl: DIVOP div DLCL .
   73   | DIVOP div DLCL . flow

    BPHRASEOP  shift, and go to state 18
    GTPHOP     shift, and go to state 19
    TEXT       shift, and go to state 20
    DIVOP      shift, and go to state 21
    IMGOP      shift, and go to state 22
    LOP        shift, and go to state 23
    FIGOP      shift, and go to state 24
    DLOP       shift, and go to state 25
    TABOP      shift, and go to state 26
    BR         shift, and go to state 27
    COMMENT    shift, and go to state 28

    $default  reduce using rule 69 (dl)

    misc  go to state 29
    flow  go to state 179


State 149

   82 dt: DTCL DDOP . dd
   83   | DTCL DDOP . dd DTOP dt

    BPHRASEOP  shift, and go to state 18
    GTPHOP     shift, and go to state 19
    TEXT       shift, and go to state 20
    DIVOP      shift, and go to state 21
    IMGOP      shift, and go to state 22
    LOP        shift, and go to state 23
    FIGOP      shift, and go to state 24
    DLOP       shift, and go to state 25
    DDCL       shift, and go to state 180
    TABOP      shift, and go to state 26
    BR         shift, and go to state 27
    COMMENT    shift, and go to state 28

    misc  go to state 29
    flow  go to state 181
    dd    go to state 182


State 150

   79 dt: flow DTCL . DDOP dd
   80   | flow DTCL . consume DDOP dd
   81   | flow DTCL . DDOP dd DTOP dt

    TEXT     shift, and go to state 20
    IMGOP    shift, and go to state 22
    DDOP     shift, and go to state 183
    BR       shift, and go to state 27
    COMMENT  shift, and go to state 28

    misc     go to state 38
    consume  go to state 184


State 151

   75 dl: DTOP dt DLCL .
   76   | DTOP dt DLCL . flow

    BPHRASEOP  shift, and go to state 18
    GTPHOP     shift, and go to state 19
    TEXT       shift, and go to state 20
    DIVOP      shift, and go to state 21
    IMGOP      shift, and go to state 22
    LOP        shift, and go to state 23
    FIGOP      shift, and go to state 24
    DLOP       shift, and go to state 25
    TABOP      shift, and go to state 26
    BR         shift, and go to state 27
    COMMENT    shift, and go to state 28

    $default  reduce using rule 75 (dl)

    misc  go to state 29
    flow  go to state 185


State 152

   70 dl: consume DIVOP div . DLCL
   74   | consume DIVOP div . DLCL flow

    DLCL  shift, and go to state 186


State 153

   72 dl: consume DLCL flow .

    $default  reduce using rule 72 (dl)


State 154

   77 dl: consume DTOP dt . DLCL
   78   | consume DTOP dt . DLCL flow

    DLCL  shift, and go to state 187


State 155

   20 consume: consume . misc
   95 caption: CAPCL consume .

    TEXT     shift, and go to state 20
    IMGOP    shift, and go to state 22
    BR       shift, and go to state 27
    COMMENT  shift, and go to state 28

    $default  reduce using rule 95 (caption)

    misc  go to state 80


State 156

   92 caption: flow CAPCL .
   94        | flow CAPCL . consume

    TEXT     shift, and go to state 20
    IMGOP    shift, and go to state 22
    BR       shift, and go to state 27
    COMMENT  shift, and go to state 28

    $default  reduce using rule 92 (caption)

    misc     go to state 38
    consume  go to state 188


State 157

   96 table: CAPOP caption TABCL .
   97      | CAPOP caption TABCL . flow

    BPHRASEOP  shift, and go to state 18
    GTPHOP     shift, and go to state 19
    TEXT       shift, and go to state 20
    DIVOP      shift, and go to state 21
    IMGOP      shift, and go to state 22
    LOP        shift, and go to state 23
    FIGOP      shift, and go to state 24
    DLOP       shift, and go to state 25
    TABOP      shift, and go to state 26
    BR         shift, and go to state 27
    COMMENT    shift, and go to state 28

    $default  reduce using rule 96 (table)

    misc  go to state 29
    flow  go to state 189


State 158

  100 table: CAPOP caption TROP . tr TABCL
  102      | CAPOP caption TROP . tr TABCL flow

    TEXT     shift, and go to state 20
    IMGOP    shift, and go to state 22
    TRCL     shift, and go to state 121
    THOP     shift, and go to state 122
    TDOP     shift, and go to state 123
    BR       shift, and go to state 27
    COMMENT  shift, and go to state 28

    misc     go to state 38
    consume  go to state 124
    tr       go to state 190


State 159

  114 tr: TRCL TROP . tr

    TEXT     shift, and go to state 20
    IMGOP    shift, and go to state 22
    TRCL     shift, and go to state 121
    THOP     shift, and go to state 122
    TDOP     shift, and go to state 123
    BR       shift, and go to state 27
    COMMENT  shift, and go to state 28

    misc     go to state 38
    consume  go to state 124
    tr       go to state 191


State 160

   20 consume: consume . misc
  110 tr: TRCL consume .
  115   | TRCL consume . TROP tr

    TEXT     shift, and go to state 20
    IMGOP    shift, and go to state 22
    TROP     shift, and go to state 192
    BR       shift, and go to state 27
    COMMENT  shift, and go to state 28

    $default  reduce using rule 110 (tr)

    misc  go to state 80


State 161

  120 th: THCL .
  122   | THCL . consume
  124   | THCL . THOP th
  126   | THCL . consume THOP th

    TEXT     shift, and go to state 20
    IMGOP    shift, and go to state 22
    THOP     shift, and go to state 193
    BR       shift, and go to state 27
    COMMENT  shift, and go to state 28

    $default  reduce using rule 120 (th)

    misc     go to state 38
    consume  go to state 194


State 162

  121 th: flow . THCL
  123   | flow . THCL consume
  125   | flow . THCL THOP th
  127   | flow . THCL consume THOP th

    THCL  shift, and go to state 195


State 163

  108 tr: THOP th . TRCL
  112   | THOP th . TRCL consume
  116   | THOP th . TRCL TROP tr
  118   | THOP th . TRCL consume TROP tr

    TRCL  shift, and go to state 196


State 164

  128 td: TDCL .
  130   | TDCL . consume
  132   | TDCL . TDOP td
  134   | TDCL . consume TDOP td

    TEXT     shift, and go to state 20
    IMGOP    shift, and go to state 22
    TDOP     shift, and go to state 197
    BR       shift, and go to state 27
    COMMENT  shift, and go to state 28

    $default  reduce using rule 128 (td)

    misc     go to state 38
    consume  go to state 198


State 165

  129 td: flow . TDCL
  131   | flow . TDCL consume
  133   | flow . TDCL TDOP td
  135   | flow . TDCL consume TDOP td

    TDCL  shift, and go to state 199


State 166

  109 tr: TDOP td . TRCL
  113   | TDOP td . TRCL consume
  117   | TDOP td . TRCL TROP tr
  119   | TDOP td . TRCL consume TROP tr

    TRCL  shift, and go to state 200


State 167

  107 tr: consume TRCL .
  111   | consume TRCL . consume

    TEXT     shift, and go to state 20
    IMGOP    shift, and go to state 22
    BR       shift, and go to state 27
    COMMENT  shift, and go to state 28

    $default  reduce using rule 107 (tr)

    misc     go to state 38
    consume  go to state 201


State 168

  101 table: TROP tr TABCL .
  103      | TROP tr TABCL . flow

    BPHRASEOP  shift, and go to state 18
    GTPHOP     shift, and go to state 19
    TEXT       shift, and go to state 20
    DIVOP      shift, and go to state 21
    IMGOP      shift, and go to state 22
    LOP        shift, and go to state 23
    FIGOP      shift, and go to state 24
    DLOP       shift, and go to state 25
    TABOP      shift, and go to state 26
    BR         shift, and go to state 27
    COMMENT    shift, and go to state 28

    $default  reduce using rule 101 (table)

    misc  go to state 29
    flow  go to state 202


State 169

   98 table: consume CAPOP caption . TABCL
   99      | consume CAPOP caption . TABCL flow

    TABCL  shift, and go to state 203


State 170

   20 consume: consume . misc
   38 phrases: consume . PHRASEOP phr
   45 phr: consume PHRASECL consume .

    PHRASEOP  shift, and go to state 87
    TEXT      shift, and go to state 20
    IMGOP     shift, and go to state 22
    BR        shift, and go to state 27
    COMMENT   shift, and go to state 28

    $default  reduce using rule 45 (phr)

    misc  go to state 80


State 171

   44 phr: consume PHRASECL phrases .

    $default  reduce using rule 44 (phr)


State 172

   51 gtph: BPHRASEOP phraseopen GTPHCL flow .

    $default  reduce using rule 51 (gtph)


State 173

   53 gtph: consume BPHRASEOP phraseopen GTPHCL . flow
   54     | consume BPHRASEOP phraseopen GTPHCL .

    BPHRASEOP  shift, and go to state 18
    GTPHOP     shift, and go to state 19
    TEXT       shift, and go to state 20
    DIVOP      shift, and go to state 21
    IMGOP      shift, and go to state 22
    LOP        shift, and go to state 23
    FIGOP      shift, and go to state 24
    DLOP       shift, and go to state 25
    TABOP      shift, and go to state 26
    BR         shift, and go to state 27
    COMMENT    shift, and go to state 28

    $default  reduce using rule 54 (gtph)

    misc  go to state 29
    flow  go to state 204


State 174

   57 list: consume LIOP listitem list .

    $default  reduce using rule 57 (list)


State 175

  142 figure: FIGCAPOP figcap FIGCL flow .

    $default  reduce using rule 142 (figure)


State 176

  138 figure: FIGCAPOP figcap flow FIGCL .
  143       | FIGCAPOP figcap flow FIGCL . flow

    BPHRASEOP  shift, and go to state 18
    GTPHOP     shift, and go to state 19
    TEXT       shift, and go to state 20
    DIVOP      shift, and go to state 21
    IMGOP      shift, and go to state 22
    LOP        shift, and go to state 23
    FIGOP      shift, and go to state 24
    DLOP       shift, and go to state 25
    TABOP      shift, and go to state 26
    BR         shift, and go to state 27
    COMMENT    shift, and go to state 28

    $default  reduce using rule 138 (figure)

    misc  go to state 29
    flow  go to state 205


State 177

  136 figure: flow FIGCAPOP figcap FIGCL .
  141       | flow FIGCAPOP figcap FIGCL . flow

    BPHRASEOP  shift, and go to state 18
    GTPHOP     shift, and go to state 19
    TEXT       shift, and go to state 20
    DIVOP      shift, and go to state 21
    IMGOP      shift, and go to state 22
    LOP        shift, and go to state 23
    FIGOP      shift, and go to state 24
    DLOP       shift, and go to state 25
    TABOP      shift, and go to state 26
    BR         shift, and go to state 27
    COMMENT    shift, and go to state 28

    $default  reduce using rule 136 (figure)

    misc  go to state 29
    flow  go to state 206


State 178

  146 figure: flow FIGCAPOP figcap flow . FIGCL flow
  147       | flow FIGCAPOP figcap flow . FIGCL

    FIGCL  shift, and go to state 207


State 179

   73 dl: DIVOP div DLCL flow .

    $default  reduce using rule 73 (dl)


State 180

   86 dd: DDCL .
   87   | DDCL . DDOP dd
   90   | DDCL . consume
   91   | DDCL . consume DDOP dd

    TEXT     shift, and go to state 20
    IMGOP    shift, and go to state 22
    DDOP     shift, and go to state 208
    BR       shift, and go to state 27
    COMMENT  shift, and go to state 28

    $default  reduce using rule 86 (dd)

    misc     go to state 38
    consume  go to state 209


State 181

   84 dd: flow . DDCL
   85   | flow . DDCL DDOP dd
   88   | flow . DDCL consume
   89   | flow . DDCL consume DDOP dd

    DDCL  shift, and go to state 210


State 182

   82 dt: DTCL DDOP dd .
   83   | DTCL DDOP dd . DTOP dt

    DTOP  shift, and go to state 211

    $default  reduce using rule 82 (dt)


State 183

   79 dt: flow DTCL DDOP . dd
   81   | flow DTCL DDOP . dd DTOP dt

    BPHRASEOP  shift, and go to state 18
    GTPHOP     shift, and go to state 19
    TEXT       shift, and go to state 20
    DIVOP      shift, and go to state 21
    IMGOP      shift, and go to state 22
    LOP        shift, and go to state 23
    FIGOP      shift, and go to state 24
    DLOP       shift, and go to state 25
    DDCL       shift, and go to state 180
    TABOP      shift, and go to state 26
    BR         shift, and go to state 27
    COMMENT    shift, and go to state 28

    misc  go to state 29
    flow  go to state 181
    dd    go to state 212


State 184

   20 consume: consume . misc
   80 dt: flow DTCL consume . DDOP dd

    TEXT     shift, and go to state 20
    IMGOP    shift, and go to state 22
    DDOP     shift, and go to state 213
    BR       shift, and go to state 27
    COMMENT  shift, and go to state 28

    misc  go to state 80


State 185

   76 dl: DTOP dt DLCL flow .

    $default  reduce using rule 76 (dl)


State 186

   70 dl: consume DIVOP div DLCL .
   74   | consume DIVOP div DLCL . flow

    BPHRASEOP  shift, and go to state 18
    GTPHOP     shift, and go to state 19
    TEXT       shift, and go to state 20
    DIVOP      shift, and go to state 21
    IMGOP      shift, and go to state 22
    LOP        shift, and go to state 23
    FIGOP      shift, and go to state 24
    DLOP       shift, and go to state 25
    TABOP      shift, and go to state 26
    BR         shift, and go to state 27
    COMMENT    shift, and go to state 28

    $default  reduce using rule 70 (dl)

    misc  go to state 29
    flow  go to state 214


State 187

   77 dl: consume DTOP dt DLCL .
   78   | consume DTOP dt DLCL . flow

    BPHRASEOP  shift, and go to state 18
    GTPHOP     shift, and go to state 19
    TEXT       shift, and go to state 20
    DIVOP      shift, and go to state 21
    IMGOP      shift, and go to state 22
    LOP        shift, and go to state 23
    FIGOP      shift, and go to state 24
    DLOP       shift, and go to state 25
    TABOP      shift, and go to state 26
    BR         shift, and go to state 27
    COMMENT    shift, and go to state 28

    $default  reduce using rule 77 (dl)

    misc  go to state 29
    flow  go to state 215


State 188

   20 consume: consume . misc
   94 caption: flow CAPCL consume .

    TEXT     shift, and go to state 20
    IMGOP    shift, and go to state 22
    BR       shift, and go to state 27
    COMMENT  shift, and go to state 28

    $default  reduce using rule 94 (caption)

    misc  go to state 80


State 189

   97 table: CAPOP caption TABCL flow .

    $default  reduce using rule 97 (table)


State 190

  100 table: CAPOP caption TROP tr . TABCL
  102      | CAPOP caption TROP tr . TABCL flow

    TABCL  shift, and go to state 216


State 191

  114 tr: TRCL TROP tr .

    $default  reduce using rule 114 (tr)


State 192

  115 tr: TRCL consume TROP . tr

    TEXT     shift, and go to state 20
    IMGOP    shift, and go to state 22
    TRCL     shift, and go to state 121
    THOP     shift, and go to state 122
    TDOP     shift, and go to state 123
    BR       shift, and go to state 27
    COMMENT  shift, and go to state 28

    misc     go to state 38
    consume  go to state 124
    tr       go to state 217


State 193

  124 th: THCL THOP . th

    BPHRASEOP  shift, and go to state 18
    GTPHOP     shift, and go to state 19
    TEXT       shift, and go to state 20
    DIVOP      shift, and go to state 21
    IMGOP      shift, and go to state 22
    LOP        shift, and go to state 23
    FIGOP      shift, and go to state 24
    DLOP       shift, and go to state 25
    TABOP      shift, and go to state 26
    THCL       shift, and go to state 161
    BR         shift, and go to state 27
    COMMENT    shift, and go to state 28

    misc  go to state 29
    flow  go to state 162
    th    go to state 218


State 194

   20 consume: consume . misc
  122 th: THCL consume .
  126   | THCL consume . THOP th

    TEXT     shift, and go to state 20
    IMGOP    shift, and go to state 22
    THOP     shift, and go to state 219
    BR       shift, and go to state 27
    COMMENT  shift, and go to state 28

    $default  reduce using rule 122 (th)

    misc  go to state 80


State 195

  121 th: flow THCL .
  123   | flow THCL . consume
  125   | flow THCL . THOP th
  127   | flow THCL . consume THOP th

    TEXT     shift, and go to state 20
    IMGOP    shift, and go to state 22
    THOP     shift, and go to state 220
    BR       shift, and go to state 27
    COMMENT  shift, and go to state 28

    $default  reduce using rule 121 (th)

    misc     go to state 38
    consume  go to state 221


State 196

  108 tr: THOP th TRCL .
  112   | THOP th TRCL . consume
  116   | THOP th TRCL . TROP tr
  118   | THOP th TRCL . consume TROP tr

    TEXT     shift, and go to state 20
    IMGOP    shift, and go to state 22
    TROP     shift, and go to state 222
    BR       shift, and go to state 27
    COMMENT  shift, and go to state 28

    $default  reduce using rule 108 (tr)

    misc     go to state 38
    consume  go to state 223


State 197

  132 td: TDCL TDOP . td

    BPHRASEOP  shift, and go to state 18
    GTPHOP     shift, and go to state 19
    TEXT       shift, and go to state 20
    DIVOP      shift, and go to state 21
    IMGOP      shift, and go to state 22
    LOP        shift, and go to state 23
    FIGOP      shift, and go to state 24
    DLOP       shift, and go to state 25
    TABOP      shift, and go to state 26
    TDCL       shift, and go to state 164
    BR         shift, and go to state 27
    COMMENT    shift, and go to state 28

    misc  go to state 29
    flow  go to state 165
    td    go to state 224


State 198

   20 consume: consume . misc
  130 td: TDCL consume .
  134   | TDCL consume . TDOP td

    TEXT     shift, and go to state 20
    IMGOP    shift, and go to state 22
    TDOP     shift, and go to state 225
    BR       shift, and go to state 27
    COMMENT  shift, and go to state 28

    $default  reduce using rule 130 (td)

    misc  go to state 80


State 199

  129 td: flow TDCL .
  131   | flow TDCL . consume
  133   | flow TDCL . TDOP td
  135   | flow TDCL . consume TDOP td

    TEXT     shift, and go to state 20
    IMGOP    shift, and go to state 22
    TDOP     shift, and go to state 226
    BR       shift, and go to state 27
    COMMENT  shift, and go to state 28

    $default  reduce using rule 129 (td)

    misc     go to state 38
    consume  go to state 227


State 200

  109 tr: TDOP td TRCL .
  113   | TDOP td TRCL . consume
  117   | TDOP td TRCL . TROP tr
  119   | TDOP td TRCL . consume TROP tr

    TEXT     shift, and go to state 20
    IMGOP    shift, and go to state 22
    TROP     shift, and go to state 228
    BR       shift, and go to state 27
    COMMENT  shift, and go to state 28

    $default  reduce using rule 109 (tr)

    misc     go to state 38
    consume  go to state 229


State 201

   20 consume: consume . misc
  111 tr: consume TRCL consume .

    TEXT     shift, and go to state 20
    IMGOP    shift, and go to state 22
    BR       shift, and go to state 27
    COMMENT  shift, and go to state 28

    $default  reduce using rule 111 (tr)

    misc  go to state 80


State 202

  103 table: TROP tr TABCL flow .

    $default  reduce using rule 103 (table)


State 203

   98 table: consume CAPOP caption TABCL .
   99      | consume CAPOP caption TABCL . flow

    BPHRASEOP  shift, and go to state 18
    GTPHOP     shift, and go to state 19
    TEXT       shift, and go to state 20
    DIVOP      shift, and go to state 21
    IMGOP      shift, and go to state 22
    LOP        shift, and go to state 23
    FIGOP      shift, and go to state 24
    DLOP       shift, and go to state 25
    TABOP      shift, and go to state 26
    BR         shift, and go to state 27
    COMMENT    shift, and go to state 28

    $default  reduce using rule 98 (table)

    misc  go to state 29
    flow  go to state 230


State 204

   53 gtph: consume BPHRASEOP phraseopen GTPHCL flow .

    $default  reduce using rule 53 (gtph)


State 205

  143 figure: FIGCAPOP figcap flow FIGCL flow .

    $default  reduce using rule 143 (figure)


State 206

  141 figure: flow FIGCAPOP figcap FIGCL flow .

    $default  reduce using rule 141 (figure)


State 207

  146 figure: flow FIGCAPOP figcap flow FIGCL . flow
  147       | flow FIGCAPOP figcap flow FIGCL .

    BPHRASEOP  shift, and go to state 18
    GTPHOP     shift, and go to state 19
    TEXT       shift, and go to state 20
    DIVOP      shift, and go to state 21
    IMGOP      shift, and go to state 22
    LOP        shift, and go to state 23
    FIGOP      shift, and go to state 24
    DLOP       shift, and go to state 25
    TABOP      shift, and go to state 26
    BR         shift, and go to state 27
    COMMENT    shift, and go to state 28

    $default  reduce using rule 147 (figure)

    misc  go to state 29
    flow  go to state 231


State 208

   87 dd: DDCL DDOP . dd

    BPHRASEOP  shift, and go to state 18
    GTPHOP     shift, and go to state 19
    TEXT       shift, and go to state 20
    DIVOP      shift, and go to state 21
    IMGOP      shift, and go to state 22
    LOP        shift, and go to state 23
    FIGOP      shift, and go to state 24
    DLOP       shift, and go to state 25
    DDCL       shift, and go to state 180
    TABOP      shift, and go to state 26
    BR         shift, and go to state 27
    COMMENT    shift, and go to state 28

    misc  go to state 29
    flow  go to state 181
    dd    go to state 232


State 209

   20 consume: consume . misc
   90 dd: DDCL consume .
   91   | DDCL consume . DDOP dd

    TEXT     shift, and go to state 20
    IMGOP    shift, and go to state 22
    DDOP     shift, and go to state 233
    BR       shift, and go to state 27
    COMMENT  shift, and go to state 28

    $default  reduce using rule 90 (dd)

    misc  go to state 80


State 210

   84 dd: flow DDCL .
   85   | flow DDCL . DDOP dd
   88   | flow DDCL . consume
   89   | flow DDCL . consume DDOP dd

    TEXT     shift, and go to state 20
    IMGOP    shift, and go to state 22
    DDOP     shift, and go to state 234
    BR       shift, and go to state 27
    COMMENT  shift, and go to state 28

    $default  reduce using rule 84 (dd)

    misc     go to state 38
    consume  go to state 235


State 211

   83 dt: DTCL DDOP dd DTOP . dt

    BPHRASEOP  shift, and go to state 18
    GTPHOP     shift, and go to state 19
    TEXT       shift, and go to state 20
    DIVOP      shift, and go to state 21
    IMGOP      shift, and go to state 22
    LOP        shift, and go to state 23
    FIGOP      shift, and go to state 24
    DLOP       shift, and go to state 25
    DTCL       shift, and go to state 111
    TABOP      shift, and go to state 26
    BR         shift, and go to state 27
    COMMENT    shift, and go to state 28

    misc  go to state 29
    flow  go to state 112
    dt    go to state 236


State 212

   79 dt: flow DTCL DDOP dd .
   81   | flow DTCL DDOP dd . DTOP dt

    DTOP  shift, and go to state 237

    $default  reduce using rule 79 (dt)


State 213

   80 dt: flow DTCL consume DDOP . dd

    BPHRASEOP  shift, and go to state 18
    GTPHOP     shift, and go to state 19
    TEXT       shift, and go to state 20
    DIVOP      shift, and go to state 21
    IMGOP      shift, and go to state 22
    LOP        shift, and go to state 23
    FIGOP      shift, and go to state 24
    DLOP       shift, and go to state 25
    DDCL       shift, and go to state 180
    TABOP      shift, and go to state 26
    BR         shift, and go to state 27
    COMMENT    shift, and go to state 28

    misc  go to state 29
    flow  go to state 181
    dd    go to state 238


State 214

   74 dl: consume DIVOP div DLCL flow .

    $default  reduce using rule 74 (dl)


State 215

   78 dl: consume DTOP dt DLCL flow .

    $default  reduce using rule 78 (dl)


State 216

  100 table: CAPOP caption TROP tr TABCL .
  102      | CAPOP caption TROP tr TABCL . flow

    BPHRASEOP  shift, and go to state 18
    GTPHOP     shift, and go to state 19
    TEXT       shift, and go to state 20
    DIVOP      shift, and go to state 21
    IMGOP      shift, and go to state 22
    LOP        shift, and go to state 23
    FIGOP      shift, and go to state 24
    DLOP       shift, and go to state 25
    TABOP      shift, and go to state 26
    BR         shift, and go to state 27
    COMMENT    shift, and go to state 28

    $default  reduce using rule 100 (table)

    misc  go to state 29
    flow  go to state 239


State 217

  115 tr: TRCL consume TROP tr .

    $default  reduce using rule 115 (tr)


State 218

  124 th: THCL THOP th .

    $default  reduce using rule 124 (th)


State 219

  126 th: THCL consume THOP . th

    BPHRASEOP  shift, and go to state 18
    GTPHOP     shift, and go to state 19
    TEXT       shift, and go to state 20
    DIVOP      shift, and go to state 21
    IMGOP      shift, and go to state 22
    LOP        shift, and go to state 23
    FIGOP      shift, and go to state 24
    DLOP       shift, and go to state 25
    TABOP      shift, and go to state 26
    THCL       shift, and go to state 161
    BR         shift, and go to state 27
    COMMENT    shift, and go to state 28

    misc  go to state 29
    flow  go to state 162
    th    go to state 240


State 220

  125 th: flow THCL THOP . th

    BPHRASEOP  shift, and go to state 18
    GTPHOP     shift, and go to state 19
    TEXT       shift, and go to state 20
    DIVOP      shift, and go to state 21
    IMGOP      shift, and go to state 22
    LOP        shift, and go to state 23
    FIGOP      shift, and go to state 24
    DLOP       shift, and go to state 25
    TABOP      shift, and go to state 26
    THCL       shift, and go to state 161
    BR         shift, and go to state 27
    COMMENT    shift, and go to state 28

    misc  go to state 29
    flow  go to state 162
    th    go to state 241


State 221

   20 consume: consume . misc
  123 th: flow THCL consume .
  127   | flow THCL consume . THOP th

    TEXT     shift, and go to state 20
    IMGOP    shift, and go to state 22
    THOP     shift, and go to state 242
    BR       shift, and go to state 27
    COMMENT  shift, and go to state 28

    $default  reduce using rule 123 (th)

    misc  go to state 80


State 222

  116 tr: THOP th TRCL TROP . tr

    TEXT     shift, and go to state 20
    IMGOP    shift, and go to state 22
    TRCL     shift, and go to state 121
    THOP     shift, and go to state 122
    TDOP     shift, and go to state 123
    BR       shift, and go to state 27
    COMMENT  shift, and go to state 28

    misc     go to state 38
    consume  go to state 124
    tr       go to state 243


State 223

   20 consume: consume . misc
  112 tr: THOP th TRCL consume .
  118   | THOP th TRCL consume . TROP tr

    TEXT     shift, and go to state 20
    IMGOP    shift, and go to state 22
    TROP     shift, and go to state 244
    BR       shift, and go to state 27
    COMMENT  shift, and go to state 28

    $default  reduce using rule 112 (tr)

    misc  go to state 80


State 224

  132 td: TDCL TDOP td .

    $default  reduce using rule 132 (td)


State 225

  134 td: TDCL consume TDOP . td

    BPHRASEOP  shift, and go to state 18
    GTPHOP     shift, and go to state 19
    TEXT       shift, and go to state 20
    DIVOP      shift, and go to state 21
    IMGOP      shift, and go to state 22
    LOP        shift, and go to state 23
    FIGOP      shift, and go to state 24
    DLOP       shift, and go to state 25
    TABOP      shift, and go to state 26
    TDCL       shift, and go to state 164
    BR         shift, and go to state 27
    COMMENT    shift, and go to state 28

    misc  go to state 29
    flow  go to state 165
    td    go to state 245


State 226

  133 td: flow TDCL TDOP . td

    BPHRASEOP  shift, and go to state 18
    GTPHOP     shift, and go to state 19
    TEXT       shift, and go to state 20
    DIVOP      shift, and go to state 21
    IMGOP      shift, and go to state 22
    LOP        shift, and go to state 23
    FIGOP      shift, and go to state 24
    DLOP       shift, and go to state 25
    TABOP      shift, and go to state 26
    TDCL       shift, and go to state 164
    BR         shift, and go to state 27
    COMMENT    shift, and go to state 28

    misc  go to state 29
    flow  go to state 165
    td    go to state 246


State 227

   20 consume: consume . misc
  131 td: flow TDCL consume .
  135   | flow TDCL consume . TDOP td

    TEXT     shift, and go to state 20
    IMGOP    shift, and go to state 22
    TDOP     shift, and go to state 247
    BR       shift, and go to state 27
    COMMENT  shift, and go to state 28

    $default  reduce using rule 131 (td)

    misc  go to state 80


State 228

  117 tr: TDOP td TRCL TROP . tr

    TEXT     shift, and go to state 20
    IMGOP    shift, and go to state 22
    TRCL     shift, and go to state 121
    THOP     shift, and go to state 122
    TDOP     shift, and go to state 123
    BR       shift, and go to state 27
    COMMENT  shift, and go to state 28

    misc     go to state 38
    consume  go to state 124
    tr       go to state 248


State 229

   20 consume: consume . misc
  113 tr: TDOP td TRCL consume .
  119   | TDOP td TRCL consume . TROP tr

    TEXT     shift, and go to state 20
    IMGOP    shift, and go to state 22
    TROP     shift, and go to state 249
    BR       shift, and go to state 27
    COMMENT  shift, and go to state 28

    $default  reduce using rule 113 (tr)

    misc  go to state 80


State 230

   99 table: consume CAPOP caption TABCL flow .

    $default  reduce using rule 99 (table)


State 231

  146 figure: flow FIGCAPOP figcap flow FIGCL flow .

    $default  reduce using rule 146 (figure)


State 232

   87 dd: DDCL DDOP dd .

    $default  reduce using rule 87 (dd)


State 233

   91 dd: DDCL consume DDOP . dd

    BPHRASEOP  shift, and go to state 18
    GTPHOP     shift, and go to state 19
    TEXT       shift, and go to state 20
    DIVOP      shift, and go to state 21
    IMGOP      shift, and go to state 22
    LOP        shift, and go to state 23
    FIGOP      shift, and go to state 24
    DLOP       shift, and go to state 25
    DDCL       shift, and go to state 180
    TABOP      shift, and go to state 26
    BR         shift, and go to state 27
    COMMENT    shift, and go to state 28

    misc  go to state 29
    flow  go to state 181
    dd    go to state 250


State 234

   85 dd: flow DDCL DDOP . dd

    BPHRASEOP  shift, and go to state 18
    GTPHOP     shift, and go to state 19
    TEXT       shift, and go to state 20
    DIVOP      shift, and go to state 21
    IMGOP      shift, and go to state 22
    LOP        shift, and go to state 23
    FIGOP      shift, and go to state 24
    DLOP       shift, and go to state 25
    DDCL       shift, and go to state 180
    TABOP      shift, and go to state 26
    BR         shift, and go to state 27
    COMMENT    shift, and go to state 28

    misc  go to state 29
    flow  go to state 181
    dd    go to state 251


State 235

   20 consume: consume . misc
   88 dd: flow DDCL consume .
   89   | flow DDCL consume . DDOP dd

    TEXT     shift, and go to state 20
    IMGOP    shift, and go to state 22
    DDOP     shift, and go to state 252
    BR       shift, and go to state 27
    COMMENT  shift, and go to state 28

    $default  reduce using rule 88 (dd)

    misc  go to state 80


State 236

   83 dt: DTCL DDOP dd DTOP dt .

    $default  reduce using rule 83 (dt)


State 237

   81 dt: flow DTCL DDOP dd DTOP . dt

    BPHRASEOP  shift, and go to state 18
    GTPHOP     shift, and go to state 19
    TEXT       shift, and go to state 20
    DIVOP      shift, and go to state 21
    IMGOP      shift, and go to state 22
    LOP        shift, and go to state 23
    FIGOP      shift, and go to state 24
    DLOP       shift, and go to state 25
    DTCL       shift, and go to state 111
    TABOP      shift, and go to state 26
    BR         shift, and go to state 27
    COMMENT    shift, and go to state 28

    misc  go to state 29
    flow  go to state 112
    dt    go to state 253


State 238

   80 dt: flow DTCL consume DDOP dd .

    $default  reduce using rule 80 (dt)


State 239

  102 table: CAPOP caption TROP tr TABCL flow .

    $default  reduce using rule 102 (table)


State 240

  126 th: THCL consume THOP th .

    $default  reduce using rule 126 (th)


State 241

  125 th: flow THCL THOP th .

    $default  reduce using rule 125 (th)


State 242

  127 th: flow THCL consume THOP . th

    BPHRASEOP  shift, and go to state 18
    GTPHOP     shift, and go to state 19
    TEXT       shift, and go to state 20
    DIVOP      shift, and go to state 21
    IMGOP      shift, and go to state 22
    LOP        shift, and go to state 23
    FIGOP      shift, and go to state 24
    DLOP       shift, and go to state 25
    TABOP      shift, and go to state 26
    THCL       shift, and go to state 161
    BR         shift, and go to state 27
    COMMENT    shift, and go to state 28

    misc  go to state 29
    flow  go to state 162
    th    go to state 254


State 243

  116 tr: THOP th TRCL TROP tr .

    $default  reduce using rule 116 (tr)


State 244

  118 tr: THOP th TRCL consume TROP . tr

    TEXT     shift, and go to state 20
    IMGOP    shift, and go to state 22
    TRCL     shift, and go to state 121
    THOP     shift, and go to state 122
    TDOP     shift, and go to state 123
    BR       shift, and go to state 27
    COMMENT  shift, and go to state 28

    misc     go to state 38
    consume  go to state 124
    tr       go to state 255


State 245

  134 td: TDCL consume TDOP td .

    $default  reduce using rule 134 (td)


State 246

  133 td: flow TDCL TDOP td .

    $default  reduce using rule 133 (td)


State 247

  135 td: flow TDCL consume TDOP . td

    BPHRASEOP  shift, and go to state 18
    GTPHOP     shift, and go to state 19
    TEXT       shift, and go to state 20
    DIVOP      shift, and go to state 21
    IMGOP      shift, and go to state 22
    LOP        shift, and go to state 23
    FIGOP      shift, and go to state 24
    DLOP       shift, and go to state 25
    TABOP      shift, and go to state 26
    TDCL       shift, and go to state 164
    BR         shift, and go to state 27
    COMMENT    shift, and go to state 28

    misc  go to state 29
    flow  go to state 165
    td    go to state 256


State 248

  117 tr: TDOP td TRCL TROP tr .

    $default  reduce using rule 117 (tr)


State 249

  119 tr: TDOP td TRCL consume TROP . tr

    TEXT     shift, and go to state 20
    IMGOP    shift, and go to state 22
    TRCL     shift, and go to state 121
    THOP     shift, and go to state 122
    TDOP     shift, and go to state 123
    BR       shift, and go to state 27
    COMMENT  shift, and go to state 28

    misc     go to state 38
    consume  go to state 124
    tr       go to state 257


State 250

   91 dd: DDCL consume DDOP dd .

    $default  reduce using rule 91 (dd)


State 251

   85 dd: flow DDCL DDOP dd .

    $default  reduce using rule 85 (dd)


State 252

   89 dd: flow DDCL consume DDOP . dd

    BPHRASEOP  shift, and go to state 18
    GTPHOP     shift, and go to state 19
    TEXT       shift, and go to state 20
    DIVOP      shift, and go to state 21
    IMGOP      shift, and go to state 22
    LOP        shift, and go to state 23
    FIGOP      shift, and go to state 24
    DLOP       shift, and go to state 25
    DDCL       shift, and go to state 180
    TABOP      shift, and go to state 26
    BR         shift, and go to state 27
    COMMENT    shift, and go to state 28

    misc  go to state 29
    flow  go to state 181
    dd    go to state 258


State 253

   81 dt: flow DTCL DDOP dd DTOP dt .

    $default  reduce using rule 81 (dt)


State 254

  127 th: flow THCL consume THOP th .

    $default  reduce using rule 127 (th)


State 255

  118 tr: THOP th TRCL consume TROP tr .

    $default  reduce using rule 118 (tr)


State 256

  135 td: flow TDCL consume TDOP td .

    $default  reduce using rule 135 (td)


State 257

  119 tr: TDOP td TRCL consume TROP tr .

    $default  reduce using rule 119 (tr)


State 258

   89 dd: flow DDCL consume DDOP dd .

    $default  reduce using rule 89 (dd)
